{"level":"info","time":"2024-09-29T10:51:16.267+0800","caller":"interceptors/accesslog.go:27","message":"[succ]","method":"/todo.UitTodo/Add","cost":"request-id","":"clientIP","":0,"req":"","rsp":""}
{"level":"info","time":"2024-09-29T10:56:48.449+0800","caller":"interceptors/accesslog.go:27","message":"[succ]","method":"/todo.UitTodo/Add","cost":"request-id","":"clientIP","":0,"req":"item:{title:\"title\"  desc:\"desc\"  tags:\"1\"  tags:\"2\"}","rsp":""}
{"level":"info","time":"2024-09-29T10:58:42.613+0800","caller":"interceptors/accesslog.go:27","message":"[succ]","method":"/todo.UitTodo/Add","requestId":"","clientIP":"","req":"item:{title:\"title\"  desc:\"desc\"  tags:\"1\"  tags:\"2\"}","rsp":"","cost":0}
{"level":"info","time":"2024-09-29T14:31:07.133+0800","caller":"interceptors/accesslog.go:27","message":"[succ]","method":"/todo.UitTodo/Add","requestId":"","clientIP":"","req":"item:{title:\"title\" desc:\"desc\" tags:\"1\" tags:\"2\"}","rsp":"","cost":0}
{"level":"info","time":"2024-09-29T14:31:41.166+0800","caller":"interceptors/accesslog.go:27","message":"[succ]","method":"/todo.UitTodo/Add","requestId":"","clientIP":"","req":"item:{title:\"title\"  desc:\"desc\"  tags:\"1\"  tags:\"2\"}","rsp":"","cost":0}
{"level":"info","time":"2024-09-29T14:33:38.116+0800","caller":"interceptors/accesslog.go:27","message":"[succ]","method":"/todo.UitTodo/Add","requestId":"","clientIP":"","req":"item:{title:\"title\"  desc:\"desc\"  tags:\"1\"  tags:\"2\"}","rsp":"","cost":0}
{"level":"info","time":"2024-09-29T14:37:37.783+0800","caller":"interceptors/accesslog.go:27","message":"[succ]","method":"/todo.UitTodo/Add","requestId":"","clientIP":"","req":"item:{title:\"title\" desc:\"desc\" tags:\"1\" tags:\"2\"}","rsp":"","cost":0}
{"level":"info","time":"2024-09-29T14:37:58.962+0800","caller":"interceptors/accesslog.go:27","message":"[succ]","method":"/todo.UitTodo/Add","requestId":"","clientIP":"","req":"item:{title:\"title\" desc:\"desc\" tags:\"1\" tags:\"2\"}","rsp":"","cost":0}
{"level":"info","time":"2024-09-29T14:39:22.260+0800","caller":"interceptors/accesslog.go:27","message":"[succ]","method":"/todo.UitTodo/Add","requestId":"","clientIP":"","req":"item:{title:\"title\" desc:\"desc\" tags:\"1\" tags:\"2\"}","rsp":"","cost":0}
{"level":"info","time":"2024-09-29T14:41:04.361+0800","caller":"interceptors/accesslog.go:27","message":"[succ]","method":"/todo.UitTodo/Add","requestId":"1234","clientIP":"127.0.0.1","req":"item:{title:\"title\" desc:\"desc\" tags:\"1\" tags:\"2\"}","rsp":"","cost":0}
{"level":"info","time":"2024-09-29T15:11:34.849+0800","caller":"interceptors/accesslog.go:27","message":"[succ]","method":"/todo.UitTodo/Add","requestId":"","clientIP":"","req":"item:{title:\"title\"  desc:\"desc\"  tags:\"1\"  tags:\"2\"}","rsp":"","cost":0}
{"level":"info","time":"2024-09-29T15:14:03.772+0800","caller":"interceptors/accesslog.go:27","message":"[succ]","method":"/todo.UitTodo/Add","requestId":"","clientIP":"","req":"item:{title:\"title\"  desc:\"desc\"  tags:\"1\"  tags:\"2\"}","rsp":"","cost":0}
{"level":"info","time":"2024-09-29T15:16:50.794+0800","caller":"interceptors/accesslog.go:27","message":"[succ]","method":"/todo.UitTodo/Add","requestId":"","forward":"127.0.0.1","req":"item:{title:\"title\" desc:\"desc\" tags:\"1\" tags:\"2\"}","rsp":"","cost":0}
{"level":"error","time":"2024-09-29T16:12:49.579+0800","caller":"interceptors/accesslog.go:29","message":"[fail]","method":"/todo.UitTodo/Add","requestId":"","forward":"127.0.0.1","req":"item:{title:\"title\"  desc:\"desc\"  tags:\"1\"  tags:\"2\"}","rsp":null,"err":"rpc error: code = Internal desc = mock panic","cost":0}
{"level":"info","time":"2024-09-29T17:07:56.239+0800","caller":"interceptors/accesslog.go:27","message":"[succ]","method":"/todo.UitTodo/Add","requestId":"","forward":"127.0.0.1","req":"item:{title:\"title\" desc:\"desc\" tags:\"1\" tags:\"2\"}","rsp":"","cost":0}
{"level":"info","time":"2024-09-29T17:26:59.566+0800","caller":"interceptors/accesslog.go:27","message":"[succ]","method":"/todo.UitTodo/Add","requestId":"","forward":"127.0.0.1","req":"item:{title:\"title\"  desc:\"desc\"  tags:\"1\"  tags:\"2\"}","rsp":"","cost":0}
{"level":"info","time":"2024-09-29T17:27:43.418+0800","caller":"interceptors/accesslog.go:27","message":"[succ]","method":"/todo.UitTodo/Add","requestId":"","forward":"127.0.0.1","req":"item:{title:\"title\"  desc:\"desc\"  tags:\"1\"  tags:\"2\"}","rsp":"","cost":0}
{"level":"info","time":"2024-09-29T17:28:44.239+0800","caller":"interceptors/accesslog.go:27","message":"[succ]","method":"/todo.UitTodo/Add","requestId":"","forward":"127.0.0.1","req":"item:{title:\"title\"  desc:\"desc\"  tags:\"1\"  tags:\"2\"}","rsp":"","cost":0}
{"level":"info","time":"2024-10-14T13:53:43.163+0800","caller":"interceptors/accesslog.go:28","message":"[succ]","method":"/todo.UitTodo/Add","requestId":"","forward":"","req":"item:{id:\"1\"}","rsp":"","cost":0}
{"level":"info","time":"2024-10-14T13:57:09.525+0800","caller":"interceptors/accesslog.go:28","message":"[succ]","method":"/todo.UitTodo/Add","requestId":"","forward":"","req":"item:{id:\"1\"}","rsp":"","cost":0}
{"level":"info","time":"2024-10-14T13:57:20.668+0800","caller":"interceptors/accesslog.go:28","message":"[succ]","method":"/todo.UitTodo/Add","requestId":"","forward":"","req":"item:{id:\"1\"}","rsp":"","cost":0}
{"level":"info","time":"2024-10-14T13:57:23.884+0800","caller":"interceptors/accesslog.go:28","message":"[succ]","method":"/todo.UitTodo/Add","requestId":"","forward":"","req":"item:{id:\"1\"}","rsp":"","cost":0}
{"level":"info","time":"2024-10-14T14:02:59.613+0800","caller":"interceptors/accesslog.go:28","message":"[succ]","method":"/todo.UitTodo/Add","requestId":"","forward":"","req":"item:{id:\"1\"}","rsp":"","cost":0}
{"level":"info","time":"2024-10-14T16:04:23.673+0800","caller":"interceptors/accesslog.go:28","message":"[succ]","method":"/todo.UitTodo/Add","requestId":"","forward":"","req":"item:{id:\"1\"}","rsp":"","cost":0}
{"level":"info","time":"2024-10-14T16:05:00.813+0800","caller":"interceptors/accesslog.go:28","message":"[succ]","method":"/todo.UitTodo/Add","requestId":"","forward":"","req":"item:{id:\"1\"}","rsp":"","cost":0}
{"level":"info","time":"2024-10-14T16:07:54.402+0800","caller":"interceptors/accesslog.go:28","message":"[succ]","method":"/todo.UitTodo/Add","requestId":"","forward":"","req":"item:{id:\"1\"}","rsp":"","cost":0}
{"level":"info","time":"2024-10-15T20:05:22.556+0800","caller":"interceptors/accesslog.go:28","message":"[succ]","method":"/todo.UitTodo/Add","requestId":"","forward":"","req":"item:{id:\"1\"}","rsp":"","cost":0}
{"level":"info","time":"2024-10-15T20:09:31.684+0800","caller":"interceptors/accesslog.go:28","message":"[succ]","method":"/todo.UitTodo/Add","requestId":"","forward":"","req":"item:{id:\"1\"}","rsp":"","cost":0}
{"level":"info","time":"2024-10-15T20:09:43.462+0800","caller":"interceptors/accesslog.go:28","message":"[succ]","method":"/todo.UitTodo/Add","requestId":"","forward":"","req":"item:{id:\"1\"}","rsp":"","cost":0}
{"level":"info","time":"2024-10-15T20:13:28.212+0800","caller":"interceptors/accesslog.go:28","message":"[succ]","method":"/todo.UitTodo/Add","requestId":"","forward":"","req":"item:{id:\"1\"}","rsp":"","cost":0}
{"level":"info","time":"2024-10-15T20:13:29.302+0800","caller":"interceptors/accesslog.go:28","message":"[succ]","method":"/todo.UitTodo/Add","requestId":"","forward":"","req":"item:{id:\"1\"}","rsp":"","cost":0}
{"level":"info","time":"2024-10-15T20:13:30.201+0800","caller":"interceptors/accesslog.go:28","message":"[succ]","method":"/todo.UitTodo/Add","requestId":"","forward":"","req":"item:{id:\"1\"}","rsp":"","cost":0}
{"level":"info","time":"2024-10-15T20:14:04.601+0800","caller":"interceptors/accesslog.go:28","message":"[succ]","method":"/todo.UitTodo/Add","requestId":"","forward":"","req":"item:{id:\"1\"}","rsp":"","cost":0}
{"level":"info","time":"2024-10-15T20:14:04.602+0800","caller":"interceptors/accesslog.go:28","message":"[succ]","method":"/todo.UitTodo/Add","requestId":"","forward":"","req":"item:{id:\"1\"}","rsp":"","cost":0}
{"level":"info","time":"2024-10-15T20:14:04.602+0800","caller":"interceptors/accesslog.go:28","message":"[succ]","method":"/todo.UitTodo/Add","requestId":"","forward":"","req":"item:{id:\"1\"}","rsp":"","cost":0}
{"level":"info","time":"2024-10-15T20:14:04.602+0800","caller":"interceptors/accesslog.go:28","message":"[succ]","method":"/todo.UitTodo/Add","requestId":"","forward":"","req":"item:{id:\"1\"}","rsp":"","cost":0}
{"level":"info","time":"2024-10-15T20:14:04.603+0800","caller":"interceptors/accesslog.go:28","message":"[succ]","method":"/todo.UitTodo/Add","requestId":"","forward":"","req":"item:{id:\"1\"}","rsp":"","cost":0}
{"level":"info","time":"2024-10-15T20:14:04.603+0800","caller":"interceptors/accesslog.go:28","message":"[succ]","method":"/todo.UitTodo/Add","requestId":"","forward":"","req":"item:{id:\"1\"}","rsp":"","cost":0}
{"level":"info","time":"2024-10-15T20:14:04.603+0800","caller":"interceptors/accesslog.go:28","message":"[succ]","method":"/todo.UitTodo/Add","requestId":"","forward":"","req":"item:{id:\"1\"}","rsp":"","cost":0}
{"level":"info","time":"2024-10-15T20:14:04.604+0800","caller":"interceptors/accesslog.go:28","message":"[succ]","method":"/todo.UitTodo/Add","requestId":"","forward":"","req":"item:{id:\"1\"}","rsp":"","cost":0}
{"level":"info","time":"2024-10-15T20:14:04.604+0800","caller":"interceptors/accesslog.go:28","message":"[succ]","method":"/todo.UitTodo/Add","requestId":"","forward":"","req":"item:{id:\"1\"}","rsp":"","cost":0}
{"level":"info","time":"2024-10-15T20:14:04.604+0800","caller":"interceptors/accesslog.go:28","message":"[succ]","method":"/todo.UitTodo/Add","requestId":"","forward":"","req":"item:{id:\"1\"}","rsp":"","cost":0}
{"level":"info","time":"2024-10-15T20:14:34.158+0800","caller":"interceptors/accesslog.go:28","message":"[succ]","method":"/todo.UitTodo/Add","requestId":"","forward":"","req":"item:{id:\"1\"}","rsp":"","cost":0}
{"level":"info","time":"2024-10-15T20:14:34.461+0800","caller":"interceptors/accesslog.go:28","message":"[succ]","method":"/todo.UitTodo/Add","requestId":"","forward":"","req":"item:{id:\"1\"}","rsp":"","cost":0}
{"level":"info","time":"2024-10-15T20:14:34.765+0800","caller":"interceptors/accesslog.go:28","message":"[succ]","method":"/todo.UitTodo/Add","requestId":"","forward":"","req":"item:{id:\"1\"}","rsp":"","cost":0}
{"level":"info","time":"2024-10-15T20:14:35.069+0800","caller":"interceptors/accesslog.go:28","message":"[succ]","method":"/todo.UitTodo/Add","requestId":"","forward":"","req":"item:{id:\"1\"}","rsp":"","cost":0}
{"level":"info","time":"2024-10-15T20:15:02.191+0800","caller":"interceptors/accesslog.go:28","message":"[succ]","method":"/todo.UitTodo/Add","requestId":"","forward":"","req":"item:{id:\"1\"}","rsp":"","cost":0}
{"level":"info","time":"2024-10-15T20:15:02.495+0800","caller":"interceptors/accesslog.go:28","message":"[succ]","method":"/todo.UitTodo/Add","requestId":"","forward":"","req":"item:{id:\"1\"}","rsp":"","cost":0}
{"level":"info","time":"2024-10-15T20:15:02.798+0800","caller":"interceptors/accesslog.go:28","message":"[succ]","method":"/todo.UitTodo/Add","requestId":"","forward":"","req":"item:{id:\"1\"}","rsp":"","cost":0}
{"level":"info","time":"2024-10-15T20:15:03.103+0800","caller":"interceptors/accesslog.go:28","message":"[succ]","method":"/todo.UitTodo/Add","requestId":"","forward":"","req":"item:{id:\"1\"}","rsp":"","cost":0}
{"level":"info","time":"2024-10-15T20:15:03.410+0800","caller":"interceptors/accesslog.go:28","message":"[succ]","method":"/todo.UitTodo/Add","requestId":"","forward":"","req":"item:{id:\"1\"}","rsp":"","cost":0}
{"level":"info","time":"2024-10-15T20:15:03.715+0800","caller":"interceptors/accesslog.go:28","message":"[succ]","method":"/todo.UitTodo/Add","requestId":"","forward":"","req":"item:{id:\"1\"}","rsp":"","cost":0}
{"level":"info","time":"2024-10-15T20:15:04.019+0800","caller":"interceptors/accesslog.go:28","message":"[succ]","method":"/todo.UitTodo/Add","requestId":"","forward":"","req":"item:{id:\"1\"}","rsp":"","cost":0}
{"level":"info","time":"2024-10-15T20:15:04.324+0800","caller":"interceptors/accesslog.go:28","message":"[succ]","method":"/todo.UitTodo/Add","requestId":"","forward":"","req":"item:{id:\"1\"}","rsp":"","cost":0}
{"level":"info","time":"2024-10-15T20:15:04.628+0800","caller":"interceptors/accesslog.go:28","message":"[succ]","method":"/todo.UitTodo/Add","requestId":"","forward":"","req":"item:{id:\"1\"}","rsp":"","cost":0}
{"level":"info","time":"2024-10-15T20:15:04.933+0800","caller":"interceptors/accesslog.go:28","message":"[succ]","method":"/todo.UitTodo/Add","requestId":"","forward":"","req":"item:{id:\"1\"}","rsp":"","cost":0}
{"level":"error","time":"2024-10-15T20:15:46.826+0800","caller":"interceptors/accesslog.go:30","message":"[fail]","method":"/todo.UitTodo/Add","requestId":"","forward":"","req":"item:{id:\"1\"}","rsp":"","err":"mock error","cost":0}
{"level":"error","time":"2024-10-15T20:17:27.306+0800","caller":"interceptors/accesslog.go:30","message":"[fail]","method":"/todo.UitTodo/Add","requestId":"","forward":"","req":"item:{id:\"1\"}","rsp":"","err":"mock error","cost":0}
{"level":"info","time":"2024-10-15T20:17:51.870+0800","caller":"interceptors/accesslog.go:28","message":"[succ]","method":"/todo.UitTodo/Add","requestId":"","forward":"","req":"item:{id:\"1\"}","rsp":"","cost":0}
{"level":"error","time":"2024-10-15T20:17:52.173+0800","caller":"interceptors/accesslog.go:30","message":"[fail]","method":"/todo.UitTodo/Add","requestId":"","forward":"","req":"item:{id:\"1\"}","rsp":"","err":"mock error","cost":0}
{"level":"error","time":"2024-10-15T20:17:52.476+0800","caller":"interceptors/accesslog.go:30","message":"[fail]","method":"/todo.UitTodo/Add","requestId":"","forward":"","req":"item:{id:\"1\"}","rsp":"","err":"mock error","cost":0}
{"level":"error","time":"2024-10-15T20:17:52.781+0800","caller":"interceptors/accesslog.go:30","message":"[fail]","method":"/todo.UitTodo/Add","requestId":"","forward":"","req":"item:{id:\"1\"}","rsp":"","err":"mock error","cost":0}
{"level":"info","time":"2024-10-15T20:17:59.928+0800","caller":"interceptors/accesslog.go:28","message":"[succ]","method":"/todo.UitTodo/Add","requestId":"","forward":"","req":"item:{id:\"1\"}","rsp":"","cost":0}
{"level":"info","time":"2024-10-15T20:18:00.230+0800","caller":"interceptors/accesslog.go:28","message":"[succ]","method":"/todo.UitTodo/Add","requestId":"","forward":"","req":"item:{id:\"1\"}","rsp":"","cost":0}
{"level":"info","time":"2024-10-15T20:18:00.535+0800","caller":"interceptors/accesslog.go:28","message":"[succ]","method":"/todo.UitTodo/Add","requestId":"","forward":"","req":"item:{id:\"1\"}","rsp":"","cost":0}
{"level":"info","time":"2024-10-15T20:18:00.840+0800","caller":"interceptors/accesslog.go:28","message":"[succ]","method":"/todo.UitTodo/Add","requestId":"","forward":"","req":"item:{id:\"1\"}","rsp":"","cost":0}
{"level":"info","time":"2024-10-15T20:18:01.144+0800","caller":"interceptors/accesslog.go:28","message":"[succ]","method":"/todo.UitTodo/Add","requestId":"","forward":"","req":"item:{id:\"1\"}","rsp":"","cost":0}
{"level":"error","time":"2024-10-15T20:18:01.449+0800","caller":"interceptors/accesslog.go:30","message":"[fail]","method":"/todo.UitTodo/Add","requestId":"","forward":"","req":"item:{id:\"1\"}","rsp":"","err":"mock error","cost":0}
{"level":"info","time":"2024-10-15T20:18:01.753+0800","caller":"interceptors/accesslog.go:28","message":"[succ]","method":"/todo.UitTodo/Add","requestId":"","forward":"","req":"item:{id:\"1\"}","rsp":"","cost":0}
{"level":"info","time":"2024-10-15T20:18:02.058+0800","caller":"interceptors/accesslog.go:28","message":"[succ]","method":"/todo.UitTodo/Add","requestId":"","forward":"","req":"item:{id:\"1\"}","rsp":"","cost":0}
{"level":"info","time":"2024-10-15T20:18:02.363+0800","caller":"interceptors/accesslog.go:28","message":"[succ]","method":"/todo.UitTodo/Add","requestId":"","forward":"","req":"item:{id:\"1\"}","rsp":"","cost":0}
{"level":"info","time":"2024-10-15T20:18:02.667+0800","caller":"interceptors/accesslog.go:28","message":"[succ]","method":"/todo.UitTodo/Add","requestId":"","forward":"","req":"item:{id:\"1\"}","rsp":"","cost":0}
{"level":"info","time":"2024-10-15T20:18:02.972+0800","caller":"interceptors/accesslog.go:28","message":"[succ]","method":"/todo.UitTodo/Add","requestId":"","forward":"","req":"item:{id:\"1\"}","rsp":"","cost":0}
{"level":"error","time":"2024-10-15T20:18:03.276+0800","caller":"interceptors/accesslog.go:30","message":"[fail]","method":"/todo.UitTodo/Add","requestId":"","forward":"","req":"item:{id:\"1\"}","rsp":"","err":"mock error","cost":0}
{"level":"error","time":"2024-10-15T20:18:03.581+0800","caller":"interceptors/accesslog.go:30","message":"[fail]","method":"/todo.UitTodo/Add","requestId":"","forward":"","req":"item:{id:\"1\"}","rsp":"","err":"mock error","cost":0}
{"level":"info","time":"2024-10-15T20:18:03.886+0800","caller":"interceptors/accesslog.go:28","message":"[succ]","method":"/todo.UitTodo/Add","requestId":"","forward":"","req":"item:{id:\"1\"}","rsp":"","cost":0}
{"level":"info","time":"2024-10-15T20:18:04.191+0800","caller":"interceptors/accesslog.go:28","message":"[succ]","method":"/todo.UitTodo/Add","requestId":"","forward":"","req":"item:{id:\"1\"}","rsp":"","cost":0}
{"level":"info","time":"2024-10-15T20:18:04.495+0800","caller":"interceptors/accesslog.go:28","message":"[succ]","method":"/todo.UitTodo/Add","requestId":"","forward":"","req":"item:{id:\"1\"}","rsp":"","cost":0}
{"level":"error","time":"2024-10-15T20:18:04.800+0800","caller":"interceptors/accesslog.go:30","message":"[fail]","method":"/todo.UitTodo/Add","requestId":"","forward":"","req":"item:{id:\"1\"}","rsp":"","err":"mock error","cost":0}
{"level":"info","time":"2024-10-15T20:18:05.105+0800","caller":"interceptors/accesslog.go:28","message":"[succ]","method":"/todo.UitTodo/Add","requestId":"","forward":"","req":"item:{id:\"1\"}","rsp":"","cost":0}
{"level":"error","time":"2024-10-15T20:18:05.409+0800","caller":"interceptors/accesslog.go:30","message":"[fail]","method":"/todo.UitTodo/Add","requestId":"","forward":"","req":"item:{id:\"1\"}","rsp":"","err":"mock error","cost":0}
{"level":"info","time":"2024-10-15T20:18:05.714+0800","caller":"interceptors/accesslog.go:28","message":"[succ]","method":"/todo.UitTodo/Add","requestId":"","forward":"","req":"item:{id:\"1\"}","rsp":"","cost":0}
{"level":"info","time":"2024-10-15T20:18:06.018+0800","caller":"interceptors/accesslog.go:28","message":"[succ]","method":"/todo.UitTodo/Add","requestId":"","forward":"","req":"item:{id:\"1\"}","rsp":"","cost":0}
{"level":"info","time":"2024-10-15T20:18:06.323+0800","caller":"interceptors/accesslog.go:28","message":"[succ]","method":"/todo.UitTodo/Add","requestId":"","forward":"","req":"item:{id:\"1\"}","rsp":"","cost":0}
{"level":"info","time":"2024-10-15T20:18:06.627+0800","caller":"interceptors/accesslog.go:28","message":"[succ]","method":"/todo.UitTodo/Add","requestId":"","forward":"","req":"item:{id:\"1\"}","rsp":"","cost":0}
{"level":"info","time":"2024-10-15T20:18:06.931+0800","caller":"interceptors/accesslog.go:28","message":"[succ]","method":"/todo.UitTodo/Add","requestId":"","forward":"","req":"item:{id:\"1\"}","rsp":"","cost":0}
{"level":"info","time":"2024-10-15T20:18:07.234+0800","caller":"interceptors/accesslog.go:28","message":"[succ]","method":"/todo.UitTodo/Add","requestId":"","forward":"","req":"item:{id:\"1\"}","rsp":"","cost":0}
{"level":"info","time":"2024-10-15T20:18:07.539+0800","caller":"interceptors/accesslog.go:28","message":"[succ]","method":"/todo.UitTodo/Add","requestId":"","forward":"","req":"item:{id:\"1\"}","rsp":"","cost":0}
{"level":"error","time":"2024-10-15T20:18:07.844+0800","caller":"interceptors/accesslog.go:30","message":"[fail]","method":"/todo.UitTodo/Add","requestId":"","forward":"","req":"item:{id:\"1\"}","rsp":"","err":"mock error","cost":0}
{"level":"error","time":"2024-10-15T20:18:08.148+0800","caller":"interceptors/accesslog.go:30","message":"[fail]","method":"/todo.UitTodo/Add","requestId":"","forward":"","req":"item:{id:\"1\"}","rsp":"","err":"mock error","cost":0}
{"level":"info","time":"2024-10-15T20:18:08.453+0800","caller":"interceptors/accesslog.go:28","message":"[succ]","method":"/todo.UitTodo/Add","requestId":"","forward":"","req":"item:{id:\"1\"}","rsp":"","cost":0}
{"level":"error","time":"2024-10-15T20:18:08.757+0800","caller":"interceptors/accesslog.go:30","message":"[fail]","method":"/todo.UitTodo/Add","requestId":"","forward":"","req":"item:{id:\"1\"}","rsp":"","err":"mock error","cost":0}
{"level":"info","time":"2024-10-15T20:18:09.063+0800","caller":"interceptors/accesslog.go:28","message":"[succ]","method":"/todo.UitTodo/Add","requestId":"","forward":"","req":"item:{id:\"1\"}","rsp":"","cost":0}
{"level":"error","time":"2024-10-15T20:18:09.368+0800","caller":"interceptors/accesslog.go:30","message":"[fail]","method":"/todo.UitTodo/Add","requestId":"","forward":"","req":"item:{id:\"1\"}","rsp":"","err":"mock error","cost":0}
{"level":"error","time":"2024-10-15T20:18:09.672+0800","caller":"interceptors/accesslog.go:30","message":"[fail]","method":"/todo.UitTodo/Add","requestId":"","forward":"","req":"item:{id:\"1\"}","rsp":"","err":"mock error","cost":0}
{"level":"info","time":"2024-10-15T20:18:09.976+0800","caller":"interceptors/accesslog.go:28","message":"[succ]","method":"/todo.UitTodo/Add","requestId":"","forward":"","req":"item:{id:\"1\"}","rsp":"","cost":0}
{"level":"info","time":"2024-10-15T20:18:10.281+0800","caller":"interceptors/accesslog.go:28","message":"[succ]","method":"/todo.UitTodo/Add","requestId":"","forward":"","req":"item:{id:\"1\"}","rsp":"","cost":0}
{"level":"info","time":"2024-10-15T20:18:10.587+0800","caller":"interceptors/accesslog.go:28","message":"[succ]","method":"/todo.UitTodo/Add","requestId":"","forward":"","req":"item:{id:\"1\"}","rsp":"","cost":0}
{"level":"info","time":"2024-10-15T20:18:10.892+0800","caller":"interceptors/accesslog.go:28","message":"[succ]","method":"/todo.UitTodo/Add","requestId":"","forward":"","req":"item:{id:\"1\"}","rsp":"","cost":0}
{"level":"info","time":"2024-10-15T20:18:11.196+0800","caller":"interceptors/accesslog.go:28","message":"[succ]","method":"/todo.UitTodo/Add","requestId":"","forward":"","req":"item:{id:\"1\"}","rsp":"","cost":0}
{"level":"error","time":"2024-10-15T20:18:11.501+0800","caller":"interceptors/accesslog.go:30","message":"[fail]","method":"/todo.UitTodo/Add","requestId":"","forward":"","req":"item:{id:\"1\"}","rsp":"","err":"mock error","cost":0}
{"level":"info","time":"2024-10-15T20:18:11.805+0800","caller":"interceptors/accesslog.go:28","message":"[succ]","method":"/todo.UitTodo/Add","requestId":"","forward":"","req":"item:{id:\"1\"}","rsp":"","cost":0}
{"level":"info","time":"2024-10-15T20:18:12.110+0800","caller":"interceptors/accesslog.go:28","message":"[succ]","method":"/todo.UitTodo/Add","requestId":"","forward":"","req":"item:{id:\"1\"}","rsp":"","cost":0}
{"level":"info","time":"2024-10-15T20:18:12.414+0800","caller":"interceptors/accesslog.go:28","message":"[succ]","method":"/todo.UitTodo/Add","requestId":"","forward":"","req":"item:{id:\"1\"}","rsp":"","cost":0}
{"level":"info","time":"2024-10-15T20:18:12.719+0800","caller":"interceptors/accesslog.go:28","message":"[succ]","method":"/todo.UitTodo/Add","requestId":"","forward":"","req":"item:{id:\"1\"}","rsp":"","cost":0}
{"level":"info","time":"2024-10-15T20:18:13.023+0800","caller":"interceptors/accesslog.go:28","message":"[succ]","method":"/todo.UitTodo/Add","requestId":"","forward":"","req":"item:{id:\"1\"}","rsp":"","cost":0}
{"level":"info","time":"2024-10-15T20:18:13.328+0800","caller":"interceptors/accesslog.go:28","message":"[succ]","method":"/todo.UitTodo/Add","requestId":"","forward":"","req":"item:{id:\"1\"}","rsp":"","cost":0}
{"level":"error","time":"2024-10-15T20:18:13.630+0800","caller":"interceptors/accesslog.go:30","message":"[fail]","method":"/todo.UitTodo/Add","requestId":"","forward":"","req":"item:{id:\"1\"}","rsp":"","err":"mock error","cost":0}
{"level":"info","time":"2024-10-15T20:18:13.935+0800","caller":"interceptors/accesslog.go:28","message":"[succ]","method":"/todo.UitTodo/Add","requestId":"","forward":"","req":"item:{id:\"1\"}","rsp":"","cost":0}
{"level":"error","time":"2024-10-15T20:18:14.239+0800","caller":"interceptors/accesslog.go:30","message":"[fail]","method":"/todo.UitTodo/Add","requestId":"","forward":"","req":"item:{id:\"1\"}","rsp":"","err":"mock error","cost":0}
{"level":"info","time":"2024-10-15T20:18:14.544+0800","caller":"interceptors/accesslog.go:28","message":"[succ]","method":"/todo.UitTodo/Add","requestId":"","forward":"","req":"item:{id:\"1\"}","rsp":"","cost":0}
{"level":"info","time":"2024-10-15T20:18:14.848+0800","caller":"interceptors/accesslog.go:28","message":"[succ]","method":"/todo.UitTodo/Add","requestId":"","forward":"","req":"item:{id:\"1\"}","rsp":"","cost":0}
{"level":"error","time":"2024-10-15T20:18:15.153+0800","caller":"interceptors/accesslog.go:30","message":"[fail]","method":"/todo.UitTodo/Add","requestId":"","forward":"","req":"item:{id:\"1\"}","rsp":"","err":"mock error","cost":0}
{"level":"info","time":"2024-10-15T20:18:15.457+0800","caller":"interceptors/accesslog.go:28","message":"[succ]","method":"/todo.UitTodo/Add","requestId":"","forward":"","req":"item:{id:\"1\"}","rsp":"","cost":0}
{"level":"info","time":"2024-10-15T20:18:15.762+0800","caller":"interceptors/accesslog.go:28","message":"[succ]","method":"/todo.UitTodo/Add","requestId":"","forward":"","req":"item:{id:\"1\"}","rsp":"","cost":0}
{"level":"info","time":"2024-10-15T20:18:16.066+0800","caller":"interceptors/accesslog.go:28","message":"[succ]","method":"/todo.UitTodo/Add","requestId":"","forward":"","req":"item:{id:\"1\"}","rsp":"","cost":0}
{"level":"info","time":"2024-10-15T20:18:16.371+0800","caller":"interceptors/accesslog.go:28","message":"[succ]","method":"/todo.UitTodo/Add","requestId":"","forward":"","req":"item:{id:\"1\"}","rsp":"","cost":0}
{"level":"error","time":"2024-10-15T20:18:16.675+0800","caller":"interceptors/accesslog.go:30","message":"[fail]","method":"/todo.UitTodo/Add","requestId":"","forward":"","req":"item:{id:\"1\"}","rsp":"","err":"mock error","cost":0}
{"level":"info","time":"2024-10-15T20:18:16.980+0800","caller":"interceptors/accesslog.go:28","message":"[succ]","method":"/todo.UitTodo/Add","requestId":"","forward":"","req":"item:{id:\"1\"}","rsp":"","cost":0}
{"level":"info","time":"2024-10-15T20:18:17.284+0800","caller":"interceptors/accesslog.go:28","message":"[succ]","method":"/todo.UitTodo/Add","requestId":"","forward":"","req":"item:{id:\"1\"}","rsp":"","cost":0}
{"level":"error","time":"2024-10-15T20:18:17.589+0800","caller":"interceptors/accesslog.go:30","message":"[fail]","method":"/todo.UitTodo/Add","requestId":"","forward":"","req":"item:{id:\"1\"}","rsp":"","err":"mock error","cost":0}
{"level":"error","time":"2024-10-15T20:18:17.893+0800","caller":"interceptors/accesslog.go:30","message":"[fail]","method":"/todo.UitTodo/Add","requestId":"","forward":"","req":"item:{id:\"1\"}","rsp":"","err":"mock error","cost":0}
{"level":"error","time":"2024-10-15T20:18:18.198+0800","caller":"interceptors/accesslog.go:30","message":"[fail]","method":"/todo.UitTodo/Add","requestId":"","forward":"","req":"item:{id:\"1\"}","rsp":"","err":"mock error","cost":0}
{"level":"info","time":"2024-10-15T20:22:00.891+0800","caller":"interceptors/accesslog.go:28","message":"[succ]","method":"/todo.UitTodo/Add","requestId":"","forward":"","req":"item:{id:\"1\"}","rsp":"","cost":0}
{"level":"info","time":"2024-10-15T20:22:01.194+0800","caller":"interceptors/accesslog.go:28","message":"[succ]","method":"/todo.UitTodo/Add","requestId":"","forward":"","req":"item:{id:\"1\"}","rsp":"","cost":0}
{"level":"info","time":"2024-10-15T20:22:01.498+0800","caller":"interceptors/accesslog.go:28","message":"[succ]","method":"/todo.UitTodo/Add","requestId":"","forward":"","req":"item:{id:\"1\"}","rsp":"","cost":0}
{"level":"info","time":"2024-10-15T20:22:01.803+0800","caller":"interceptors/accesslog.go:28","message":"[succ]","method":"/todo.UitTodo/Add","requestId":"","forward":"","req":"item:{id:\"1\"}","rsp":"","cost":0}
{"level":"info","time":"2024-10-15T20:22:02.108+0800","caller":"interceptors/accesslog.go:28","message":"[succ]","method":"/todo.UitTodo/Add","requestId":"","forward":"","req":"item:{id:\"1\"}","rsp":"","cost":0}
{"level":"info","time":"2024-10-15T20:22:02.412+0800","caller":"interceptors/accesslog.go:28","message":"[succ]","method":"/todo.UitTodo/Add","requestId":"","forward":"","req":"item:{id:\"1\"}","rsp":"","cost":0}
{"level":"info","time":"2024-10-15T20:22:02.717+0800","caller":"interceptors/accesslog.go:28","message":"[succ]","method":"/todo.UitTodo/Add","requestId":"","forward":"","req":"item:{id:\"1\"}","rsp":"","cost":0}
{"level":"info","time":"2024-10-15T20:22:03.021+0800","caller":"interceptors/accesslog.go:28","message":"[succ]","method":"/todo.UitTodo/Add","requestId":"","forward":"","req":"item:{id:\"1\"}","rsp":"","cost":0}
{"level":"info","time":"2024-10-15T20:22:03.326+0800","caller":"interceptors/accesslog.go:28","message":"[succ]","method":"/todo.UitTodo/Add","requestId":"","forward":"","req":"item:{id:\"1\"}","rsp":"","cost":0}
{"level":"info","time":"2024-10-15T20:22:03.630+0800","caller":"interceptors/accesslog.go:28","message":"[succ]","method":"/todo.UitTodo/Add","requestId":"","forward":"","req":"item:{id:\"1\"}","rsp":"","cost":0}
{"level":"info","time":"2024-10-15T20:22:03.935+0800","caller":"interceptors/accesslog.go:28","message":"[succ]","method":"/todo.UitTodo/Add","requestId":"","forward":"","req":"item:{id:\"1\"}","rsp":"","cost":0}
{"level":"error","time":"2024-10-15T20:22:04.239+0800","caller":"interceptors/accesslog.go:30","message":"[fail]","method":"/todo.UitTodo/Add","requestId":"","forward":"","req":"item:{id:\"1\"}","rsp":"","err":"mock error","cost":0}
{"level":"error","time":"2024-10-15T20:22:04.544+0800","caller":"interceptors/accesslog.go:30","message":"[fail]","method":"/todo.UitTodo/Add","requestId":"","forward":"","req":"item:{id:\"1\"}","rsp":"","err":"mock error","cost":0}
{"level":"error","time":"2024-10-15T20:22:04.848+0800","caller":"interceptors/accesslog.go:30","message":"[fail]","method":"/todo.UitTodo/Add","requestId":"","forward":"","req":"item:{id:\"1\"}","rsp":"","err":"mock error","cost":0}
{"level":"info","time":"2024-10-15T20:23:48.863+0800","caller":"interceptors/accesslog.go:28","message":"[succ]","method":"/todo.UitTodo/Add","requestId":"","forward":"","req":"item:{id:\"1\"}","rsp":"","cost":0}
{"level":"info","time":"2024-10-15T20:23:49.166+0800","caller":"interceptors/accesslog.go:28","message":"[succ]","method":"/todo.UitTodo/Add","requestId":"","forward":"","req":"item:{id:\"1\"}","rsp":"","cost":0}
{"level":"info","time":"2024-10-15T20:23:49.470+0800","caller":"interceptors/accesslog.go:28","message":"[succ]","method":"/todo.UitTodo/Add","requestId":"","forward":"","req":"item:{id:\"1\"}","rsp":"","cost":0}
{"level":"info","time":"2024-10-15T20:23:49.775+0800","caller":"interceptors/accesslog.go:28","message":"[succ]","method":"/todo.UitTodo/Add","requestId":"","forward":"","req":"item:{id:\"1\"}","rsp":"","cost":0}
{"level":"info","time":"2024-10-15T20:23:50.080+0800","caller":"interceptors/accesslog.go:28","message":"[succ]","method":"/todo.UitTodo/Add","requestId":"","forward":"","req":"item:{id:\"1\"}","rsp":"","cost":0}
{"level":"info","time":"2024-10-15T20:23:50.384+0800","caller":"interceptors/accesslog.go:28","message":"[succ]","method":"/todo.UitTodo/Add","requestId":"","forward":"","req":"item:{id:\"1\"}","rsp":"","cost":0}
{"level":"info","time":"2024-10-15T20:23:50.689+0800","caller":"interceptors/accesslog.go:28","message":"[succ]","method":"/todo.UitTodo/Add","requestId":"","forward":"","req":"item:{id:\"1\"}","rsp":"","cost":0}
{"level":"info","time":"2024-10-15T20:23:50.993+0800","caller":"interceptors/accesslog.go:28","message":"[succ]","method":"/todo.UitTodo/Add","requestId":"","forward":"","req":"item:{id:\"1\"}","rsp":"","cost":0}
{"level":"info","time":"2024-10-15T20:23:51.298+0800","caller":"interceptors/accesslog.go:28","message":"[succ]","method":"/todo.UitTodo/Add","requestId":"","forward":"","req":"item:{id:\"1\"}","rsp":"","cost":0}
{"level":"info","time":"2024-10-15T20:23:51.602+0800","caller":"interceptors/accesslog.go:28","message":"[succ]","method":"/todo.UitTodo/Add","requestId":"","forward":"","req":"item:{id:\"1\"}","rsp":"","cost":0}
{"level":"info","time":"2024-10-15T20:23:51.907+0800","caller":"interceptors/accesslog.go:28","message":"[succ]","method":"/todo.UitTodo/Add","requestId":"","forward":"","req":"item:{id:\"1\"}","rsp":"","cost":0}
{"level":"info","time":"2024-10-15T20:23:52.211+0800","caller":"interceptors/accesslog.go:28","message":"[succ]","method":"/todo.UitTodo/Add","requestId":"","forward":"","req":"item:{id:\"1\"}","rsp":"","cost":0}
{"level":"info","time":"2024-10-15T20:23:52.516+0800","caller":"interceptors/accesslog.go:28","message":"[succ]","method":"/todo.UitTodo/Add","requestId":"","forward":"","req":"item:{id:\"1\"}","rsp":"","cost":0}
{"level":"info","time":"2024-10-15T20:23:52.820+0800","caller":"interceptors/accesslog.go:28","message":"[succ]","method":"/todo.UitTodo/Add","requestId":"","forward":"","req":"item:{id:\"1\"}","rsp":"","cost":0}
{"level":"info","time":"2024-10-15T20:23:53.125+0800","caller":"interceptors/accesslog.go:28","message":"[succ]","method":"/todo.UitTodo/Add","requestId":"","forward":"","req":"item:{id:\"1\"}","rsp":"","cost":0}
{"level":"info","time":"2024-10-15T20:23:53.429+0800","caller":"interceptors/accesslog.go:28","message":"[succ]","method":"/todo.UitTodo/Add","requestId":"","forward":"","req":"item:{id:\"1\"}","rsp":"","cost":0}
{"level":"info","time":"2024-10-15T20:23:53.734+0800","caller":"interceptors/accesslog.go:28","message":"[succ]","method":"/todo.UitTodo/Add","requestId":"","forward":"","req":"item:{id:\"1\"}","rsp":"","cost":0}
{"level":"info","time":"2024-10-15T20:23:54.038+0800","caller":"interceptors/accesslog.go:28","message":"[succ]","method":"/todo.UitTodo/Add","requestId":"","forward":"","req":"item:{id:\"1\"}","rsp":"","cost":0}
{"level":"info","time":"2024-10-15T20:23:54.343+0800","caller":"interceptors/accesslog.go:28","message":"[succ]","method":"/todo.UitTodo/Add","requestId":"","forward":"","req":"item:{id:\"1\"}","rsp":"","cost":0}
{"level":"info","time":"2024-10-15T20:23:54.647+0800","caller":"interceptors/accesslog.go:28","message":"[succ]","method":"/todo.UitTodo/Add","requestId":"","forward":"","req":"item:{id:\"1\"}","rsp":"","cost":0}
{"level":"info","time":"2024-10-15T20:23:54.952+0800","caller":"interceptors/accesslog.go:28","message":"[succ]","method":"/todo.UitTodo/Add","requestId":"","forward":"","req":"item:{id:\"1\"}","rsp":"","cost":0}
{"level":"info","time":"2024-10-15T20:23:55.257+0800","caller":"interceptors/accesslog.go:28","message":"[succ]","method":"/todo.UitTodo/Add","requestId":"","forward":"","req":"item:{id:\"1\"}","rsp":"","cost":0}
{"level":"info","time":"2024-10-15T20:23:55.561+0800","caller":"interceptors/accesslog.go:28","message":"[succ]","method":"/todo.UitTodo/Add","requestId":"","forward":"","req":"item:{id:\"1\"}","rsp":"","cost":0}
{"level":"info","time":"2024-10-15T20:23:55.865+0800","caller":"interceptors/accesslog.go:28","message":"[succ]","method":"/todo.UitTodo/Add","requestId":"","forward":"","req":"item:{id:\"1\"}","rsp":"","cost":0}
{"level":"info","time":"2024-10-15T20:23:56.170+0800","caller":"interceptors/accesslog.go:28","message":"[succ]","method":"/todo.UitTodo/Add","requestId":"","forward":"","req":"item:{id:\"1\"}","rsp":"","cost":0}
{"level":"info","time":"2024-10-15T20:23:56.474+0800","caller":"interceptors/accesslog.go:28","message":"[succ]","method":"/todo.UitTodo/Add","requestId":"","forward":"","req":"item:{id:\"1\"}","rsp":"","cost":0}
{"level":"info","time":"2024-10-15T20:23:56.779+0800","caller":"interceptors/accesslog.go:28","message":"[succ]","method":"/todo.UitTodo/Add","requestId":"","forward":"","req":"item:{id:\"1\"}","rsp":"","cost":0}
{"level":"error","time":"2024-10-15T20:23:57.083+0800","caller":"interceptors/accesslog.go:30","message":"[fail]","method":"/todo.UitTodo/Add","requestId":"","forward":"","req":"item:{id:\"1\"}","rsp":"","err":"mock error","cost":0}
{"level":"error","time":"2024-10-15T20:23:57.388+0800","caller":"interceptors/accesslog.go:30","message":"[fail]","method":"/todo.UitTodo/Add","requestId":"","forward":"","req":"item:{id:\"1\"}","rsp":"","err":"mock error","cost":0}
{"level":"error","time":"2024-10-15T20:23:57.692+0800","caller":"interceptors/accesslog.go:30","message":"[fail]","method":"/todo.UitTodo/Add","requestId":"","forward":"","req":"item:{id:\"1\"}","rsp":"","err":"mock error","cost":0}
{"level":"info","time":"2024-10-15T20:25:16.601+0800","caller":"interceptors/accesslog.go:28","message":"[succ]","method":"/todo.UitTodo/Add","requestId":"","forward":"","req":"item:{id:\"1\"}","rsp":"","cost":0}
{"level":"info","time":"2024-10-15T20:25:16.903+0800","caller":"interceptors/accesslog.go:28","message":"[succ]","method":"/todo.UitTodo/Add","requestId":"","forward":"","req":"item:{id:\"1\"}","rsp":"","cost":0}
{"level":"info","time":"2024-10-15T20:25:17.207+0800","caller":"interceptors/accesslog.go:28","message":"[succ]","method":"/todo.UitTodo/Add","requestId":"","forward":"","req":"item:{id:\"1\"}","rsp":"","cost":0}
{"level":"info","time":"2024-10-15T20:25:17.512+0800","caller":"interceptors/accesslog.go:28","message":"[succ]","method":"/todo.UitTodo/Add","requestId":"","forward":"","req":"item:{id:\"1\"}","rsp":"","cost":0}
{"level":"info","time":"2024-10-15T20:25:17.818+0800","caller":"interceptors/accesslog.go:28","message":"[succ]","method":"/todo.UitTodo/Add","requestId":"","forward":"","req":"item:{id:\"1\"}","rsp":"","cost":0}
{"level":"info","time":"2024-10-15T20:25:18.122+0800","caller":"interceptors/accesslog.go:28","message":"[succ]","method":"/todo.UitTodo/Add","requestId":"","forward":"","req":"item:{id:\"1\"}","rsp":"","cost":0}
{"level":"info","time":"2024-10-15T20:25:18.427+0800","caller":"interceptors/accesslog.go:28","message":"[succ]","method":"/todo.UitTodo/Add","requestId":"","forward":"","req":"item:{id:\"1\"}","rsp":"","cost":0}
{"level":"info","time":"2024-10-15T20:25:18.731+0800","caller":"interceptors/accesslog.go:28","message":"[succ]","method":"/todo.UitTodo/Add","requestId":"","forward":"","req":"item:{id:\"1\"}","rsp":"","cost":0}
{"level":"info","time":"2024-10-15T20:25:19.036+0800","caller":"interceptors/accesslog.go:28","message":"[succ]","method":"/todo.UitTodo/Add","requestId":"","forward":"","req":"item:{id:\"1\"}","rsp":"","cost":0}
{"level":"info","time":"2024-10-15T20:25:19.340+0800","caller":"interceptors/accesslog.go:28","message":"[succ]","method":"/todo.UitTodo/Add","requestId":"","forward":"","req":"item:{id:\"1\"}","rsp":"","cost":0}
{"level":"info","time":"2024-10-15T20:25:19.645+0800","caller":"interceptors/accesslog.go:28","message":"[succ]","method":"/todo.UitTodo/Add","requestId":"","forward":"","req":"item:{id:\"1\"}","rsp":"","cost":0}
{"level":"info","time":"2024-10-15T20:25:19.949+0800","caller":"interceptors/accesslog.go:28","message":"[succ]","method":"/todo.UitTodo/Add","requestId":"","forward":"","req":"item:{id:\"1\"}","rsp":"","cost":0}
{"level":"info","time":"2024-10-15T20:25:20.254+0800","caller":"interceptors/accesslog.go:28","message":"[succ]","method":"/todo.UitTodo/Add","requestId":"","forward":"","req":"item:{id:\"1\"}","rsp":"","cost":0}
{"level":"info","time":"2024-10-15T20:25:20.558+0800","caller":"interceptors/accesslog.go:28","message":"[succ]","method":"/todo.UitTodo/Add","requestId":"","forward":"","req":"item:{id:\"1\"}","rsp":"","cost":0}
{"level":"info","time":"2024-10-15T20:25:20.862+0800","caller":"interceptors/accesslog.go:28","message":"[succ]","method":"/todo.UitTodo/Add","requestId":"","forward":"","req":"item:{id:\"1\"}","rsp":"","cost":0}
{"level":"info","time":"2024-10-15T20:25:21.167+0800","caller":"interceptors/accesslog.go:28","message":"[succ]","method":"/todo.UitTodo/Add","requestId":"","forward":"","req":"item:{id:\"1\"}","rsp":"","cost":0}
{"level":"info","time":"2024-10-15T20:25:21.471+0800","caller":"interceptors/accesslog.go:28","message":"[succ]","method":"/todo.UitTodo/Add","requestId":"","forward":"","req":"item:{id:\"1\"}","rsp":"","cost":0}
{"level":"error","time":"2024-10-15T20:25:26.258+0800","caller":"interceptors/accesslog.go:30","message":"[fail]","method":"/todo.UitTodo/Add","requestId":"","forward":"","req":"item:{id:\"1\"}","rsp":"","err":"mock error","cost":0}
{"level":"info","time":"2024-10-15T20:27:46.235+0800","caller":"interceptors/accesslog.go:28","message":"[succ]","method":"/todo.UitTodo/Add","requestId":"","forward":"","req":"item:{id:\"1\"}","rsp":"","cost":0}
{"level":"info","time":"2024-10-15T20:27:46.537+0800","caller":"interceptors/accesslog.go:28","message":"[succ]","method":"/todo.UitTodo/Add","requestId":"","forward":"","req":"item:{id:\"1\"}","rsp":"","cost":0}
{"level":"info","time":"2024-10-15T20:27:46.842+0800","caller":"interceptors/accesslog.go:28","message":"[succ]","method":"/todo.UitTodo/Add","requestId":"","forward":"","req":"item:{id:\"1\"}","rsp":"","cost":0}
{"level":"info","time":"2024-10-15T20:27:47.146+0800","caller":"interceptors/accesslog.go:28","message":"[succ]","method":"/todo.UitTodo/Add","requestId":"","forward":"","req":"item:{id:\"1\"}","rsp":"","cost":0}
{"level":"info","time":"2024-10-15T20:27:47.451+0800","caller":"interceptors/accesslog.go:28","message":"[succ]","method":"/todo.UitTodo/Add","requestId":"","forward":"","req":"item:{id:\"1\"}","rsp":"","cost":0}
{"level":"info","time":"2024-10-15T20:27:47.755+0800","caller":"interceptors/accesslog.go:28","message":"[succ]","method":"/todo.UitTodo/Add","requestId":"","forward":"","req":"item:{id:\"1\"}","rsp":"","cost":0}
{"level":"info","time":"2024-10-15T20:27:48.059+0800","caller":"interceptors/accesslog.go:28","message":"[succ]","method":"/todo.UitTodo/Add","requestId":"","forward":"","req":"item:{id:\"1\"}","rsp":"","cost":0}
{"level":"info","time":"2024-10-15T20:27:48.364+0800","caller":"interceptors/accesslog.go:28","message":"[succ]","method":"/todo.UitTodo/Add","requestId":"","forward":"","req":"item:{id:\"1\"}","rsp":"","cost":0}
{"level":"info","time":"2024-10-15T20:27:48.668+0800","caller":"interceptors/accesslog.go:28","message":"[succ]","method":"/todo.UitTodo/Add","requestId":"","forward":"","req":"item:{id:\"1\"}","rsp":"","cost":0}
{"level":"info","time":"2024-10-15T20:27:48.973+0800","caller":"interceptors/accesslog.go:28","message":"[succ]","method":"/todo.UitTodo/Add","requestId":"","forward":"","req":"item:{id:\"1\"}","rsp":"","cost":0}
{"level":"info","time":"2024-10-15T20:27:49.277+0800","caller":"interceptors/accesslog.go:28","message":"[succ]","method":"/todo.UitTodo/Add","requestId":"","forward":"","req":"item:{id:\"1\"}","rsp":"","cost":0}
{"level":"info","time":"2024-10-15T20:27:49.582+0800","caller":"interceptors/accesslog.go:28","message":"[succ]","method":"/todo.UitTodo/Add","requestId":"","forward":"","req":"item:{id:\"1\"}","rsp":"","cost":0}
{"level":"info","time":"2024-10-15T20:27:49.886+0800","caller":"interceptors/accesslog.go:28","message":"[succ]","method":"/todo.UitTodo/Add","requestId":"","forward":"","req":"item:{id:\"1\"}","rsp":"","cost":0}
{"level":"info","time":"2024-10-15T20:27:50.191+0800","caller":"interceptors/accesslog.go:28","message":"[succ]","method":"/todo.UitTodo/Add","requestId":"","forward":"","req":"item:{id:\"1\"}","rsp":"","cost":0}
{"level":"info","time":"2024-10-15T20:27:50.495+0800","caller":"interceptors/accesslog.go:28","message":"[succ]","method":"/todo.UitTodo/Add","requestId":"","forward":"","req":"item:{id:\"1\"}","rsp":"","cost":0}
{"level":"info","time":"2024-10-15T20:27:50.800+0800","caller":"interceptors/accesslog.go:28","message":"[succ]","method":"/todo.UitTodo/Add","requestId":"","forward":"","req":"item:{id:\"1\"}","rsp":"","cost":0}
{"level":"info","time":"2024-10-15T20:27:51.104+0800","caller":"interceptors/accesslog.go:28","message":"[succ]","method":"/todo.UitTodo/Add","requestId":"","forward":"","req":"item:{id:\"1\"}","rsp":"","cost":0}
{"level":"info","time":"2024-10-15T20:27:51.408+0800","caller":"interceptors/accesslog.go:28","message":"[succ]","method":"/todo.UitTodo/Add","requestId":"","forward":"","req":"item:{id:\"1\"}","rsp":"","cost":0}
{"level":"info","time":"2024-10-15T20:27:51.713+0800","caller":"interceptors/accesslog.go:28","message":"[succ]","method":"/todo.UitTodo/Add","requestId":"","forward":"","req":"item:{id:\"1\"}","rsp":"","cost":0}
{"level":"info","time":"2024-10-15T20:27:52.017+0800","caller":"interceptors/accesslog.go:28","message":"[succ]","method":"/todo.UitTodo/Add","requestId":"","forward":"","req":"item:{id:\"1\"}","rsp":"","cost":0}
{"level":"info","time":"2024-10-15T20:27:52.322+0800","caller":"interceptors/accesslog.go:28","message":"[succ]","method":"/todo.UitTodo/Add","requestId":"","forward":"","req":"item:{id:\"1\"}","rsp":"","cost":0}
{"level":"info","time":"2024-10-15T20:27:52.626+0800","caller":"interceptors/accesslog.go:28","message":"[succ]","method":"/todo.UitTodo/Add","requestId":"","forward":"","req":"item:{id:\"1\"}","rsp":"","cost":0}
{"level":"info","time":"2024-10-15T20:27:52.931+0800","caller":"interceptors/accesslog.go:28","message":"[succ]","method":"/todo.UitTodo/Add","requestId":"","forward":"","req":"item:{id:\"1\"}","rsp":"","cost":0}
{"level":"info","time":"2024-10-15T20:27:53.235+0800","caller":"interceptors/accesslog.go:28","message":"[succ]","method":"/todo.UitTodo/Add","requestId":"","forward":"","req":"item:{id:\"1\"}","rsp":"","cost":0}
{"level":"info","time":"2024-10-15T20:27:53.537+0800","caller":"interceptors/accesslog.go:28","message":"[succ]","method":"/todo.UitTodo/Add","requestId":"","forward":"","req":"item:{id:\"1\"}","rsp":"","cost":0}
{"level":"info","time":"2024-10-15T20:27:53.842+0800","caller":"interceptors/accesslog.go:28","message":"[succ]","method":"/todo.UitTodo/Add","requestId":"","forward":"","req":"item:{id:\"1\"}","rsp":"","cost":0}
{"level":"error","time":"2024-10-15T20:27:54.146+0800","caller":"interceptors/accesslog.go:30","message":"[fail]","method":"/todo.UitTodo/Add","requestId":"","forward":"","req":"item:{id:\"1\"}","rsp":"","err":"mock error","cost":0}
{"level":"error","time":"2024-10-15T20:27:54.450+0800","caller":"interceptors/accesslog.go:30","message":"[fail]","method":"/todo.UitTodo/Add","requestId":"","forward":"","req":"item:{id:\"1\"}","rsp":"","err":"mock error","cost":0}
{"level":"error","time":"2024-10-15T20:27:54.755+0800","caller":"interceptors/accesslog.go:30","message":"[fail]","method":"/todo.UitTodo/Add","requestId":"","forward":"","req":"item:{id:\"1\"}","rsp":"","err":"mock error","cost":0}
{"level":"error","time":"2024-10-15T20:27:55.970+0800","caller":"interceptors/accesslog.go:30","message":"[fail]","method":"/todo.UitTodo/Add","requestId":"","forward":"","req":"item:{id:\"1\"}","rsp":"","err":"mock error","cost":0}
{"level":"error","time":"2024-10-15T20:27:57.186+0800","caller":"interceptors/accesslog.go:30","message":"[fail]","method":"/todo.UitTodo/Add","requestId":"","forward":"","req":"item:{id:\"1\"}","rsp":"","err":"mock error","cost":0}
{"level":"error","time":"2024-10-15T20:27:58.401+0800","caller":"interceptors/accesslog.go:30","message":"[fail]","method":"/todo.UitTodo/Add","requestId":"","forward":"","req":"item:{id:\"1\"}","rsp":"","err":"mock error","cost":0}
{"level":"error","time":"2024-10-15T20:27:59.617+0800","caller":"interceptors/accesslog.go:30","message":"[fail]","method":"/todo.UitTodo/Add","requestId":"","forward":"","req":"item:{id:\"1\"}","rsp":"","err":"mock error","cost":0}
{"level":"error","time":"2024-10-15T20:28:00.833+0800","caller":"interceptors/accesslog.go:30","message":"[fail]","method":"/todo.UitTodo/Add","requestId":"","forward":"","req":"item:{id:\"1\"}","rsp":"","err":"mock error","cost":0}
{"level":"error","time":"2024-10-15T20:28:02.042+0800","caller":"interceptors/accesslog.go:30","message":"[fail]","method":"/todo.UitTodo/Add","requestId":"","forward":"","req":"item:{id:\"1\"}","rsp":"","err":"mock error","cost":0}
{"level":"error","time":"2024-10-15T20:28:03.258+0800","caller":"interceptors/accesslog.go:30","message":"[fail]","method":"/todo.UitTodo/Add","requestId":"","forward":"","req":"item:{id:\"1\"}","rsp":"","err":"mock error","cost":0}
{"level":"error","time":"2024-10-15T20:28:04.474+0800","caller":"interceptors/accesslog.go:30","message":"[fail]","method":"/todo.UitTodo/Add","requestId":"","forward":"","req":"item:{id:\"1\"}","rsp":"","err":"mock error","cost":0}
{"level":"error","time":"2024-10-15T20:28:05.690+0800","caller":"interceptors/accesslog.go:30","message":"[fail]","method":"/todo.UitTodo/Add","requestId":"","forward":"","req":"item:{id:\"1\"}","rsp":"","err":"mock error","cost":0}
{"level":"error","time":"2024-10-15T20:28:06.905+0800","caller":"interceptors/accesslog.go:30","message":"[fail]","method":"/todo.UitTodo/Add","requestId":"","forward":"","req":"item:{id:\"1\"}","rsp":"","err":"mock error","cost":0}
{"level":"error","time":"2024-10-15T20:28:08.122+0800","caller":"interceptors/accesslog.go:30","message":"[fail]","method":"/todo.UitTodo/Add","requestId":"","forward":"","req":"item:{id:\"1\"}","rsp":"","err":"mock error","cost":0}
{"level":"error","time":"2024-10-15T20:28:09.339+0800","caller":"interceptors/accesslog.go:30","message":"[fail]","method":"/todo.UitTodo/Add","requestId":"","forward":"","req":"item:{id:\"1\"}","rsp":"","err":"mock error","cost":0}
{"level":"error","time":"2024-10-15T20:28:10.553+0800","caller":"interceptors/accesslog.go:30","message":"[fail]","method":"/todo.UitTodo/Add","requestId":"","forward":"","req":"item:{id:\"1\"}","rsp":"","err":"mock error","cost":0}
{"level":"error","time":"2024-10-15T20:28:11.769+0800","caller":"interceptors/accesslog.go:30","message":"[fail]","method":"/todo.UitTodo/Add","requestId":"","forward":"","req":"item:{id:\"1\"}","rsp":"","err":"mock error","cost":0}
{"level":"error","time":"2024-10-15T20:28:12.985+0800","caller":"interceptors/accesslog.go:30","message":"[fail]","method":"/todo.UitTodo/Add","requestId":"","forward":"","req":"item:{id:\"1\"}","rsp":"","err":"mock error","cost":0}
{"level":"info","time":"2024-10-15T20:28:14.200+0800","caller":"interceptors/accesslog.go:28","message":"[succ]","method":"/todo.UitTodo/Add","requestId":"","forward":"","req":"item:{id:\"1\"}","rsp":"","cost":0}
{"level":"info","time":"2024-10-15T20:28:14.505+0800","caller":"interceptors/accesslog.go:28","message":"[succ]","method":"/todo.UitTodo/Add","requestId":"","forward":"","req":"item:{id:\"1\"}","rsp":"","cost":0}
{"level":"info","time":"2024-10-15T20:28:14.809+0800","caller":"interceptors/accesslog.go:28","message":"[succ]","method":"/todo.UitTodo/Add","requestId":"","forward":"","req":"item:{id:\"1\"}","rsp":"","cost":0}
{"level":"info","time":"2024-10-15T20:28:15.114+0800","caller":"interceptors/accesslog.go:28","message":"[succ]","method":"/todo.UitTodo/Add","requestId":"","forward":"","req":"item:{id:\"1\"}","rsp":"","cost":0}
{"level":"info","time":"2024-10-15T20:28:15.418+0800","caller":"interceptors/accesslog.go:28","message":"[succ]","method":"/todo.UitTodo/Add","requestId":"","forward":"","req":"item:{id:\"1\"}","rsp":"","cost":0}
{"level":"info","time":"2024-10-15T20:28:15.723+0800","caller":"interceptors/accesslog.go:28","message":"[succ]","method":"/todo.UitTodo/Add","requestId":"","forward":"","req":"item:{id:\"1\"}","rsp":"","cost":0}
{"level":"info","time":"2024-10-15T20:28:16.027+0800","caller":"interceptors/accesslog.go:28","message":"[succ]","method":"/todo.UitTodo/Add","requestId":"","forward":"","req":"item:{id:\"1\"}","rsp":"","cost":0}
{"level":"info","time":"2024-10-15T20:28:16.332+0800","caller":"interceptors/accesslog.go:28","message":"[succ]","method":"/todo.UitTodo/Add","requestId":"","forward":"","req":"item:{id:\"1\"}","rsp":"","cost":0}
{"level":"info","time":"2024-10-15T20:28:16.636+0800","caller":"interceptors/accesslog.go:28","message":"[succ]","method":"/todo.UitTodo/Add","requestId":"","forward":"","req":"item:{id:\"1\"}","rsp":"","cost":0}
{"level":"info","time":"2024-10-15T20:28:16.937+0800","caller":"interceptors/accesslog.go:28","message":"[succ]","method":"/todo.UitTodo/Add","requestId":"","forward":"","req":"item:{id:\"1\"}","rsp":"","cost":0}
{"level":"info","time":"2024-10-15T20:28:17.242+0800","caller":"interceptors/accesslog.go:28","message":"[succ]","method":"/todo.UitTodo/Add","requestId":"","forward":"","req":"item:{id:\"1\"}","rsp":"","cost":0}
{"level":"info","time":"2024-10-15T20:28:17.549+0800","caller":"interceptors/accesslog.go:28","message":"[succ]","method":"/todo.UitTodo/Add","requestId":"","forward":"","req":"item:{id:\"1\"}","rsp":"","cost":0}
{"level":"info","time":"2024-10-15T20:28:17.854+0800","caller":"interceptors/accesslog.go:28","message":"[succ]","method":"/todo.UitTodo/Add","requestId":"","forward":"","req":"item:{id:\"1\"}","rsp":"","cost":0}
{"level":"info","time":"2024-10-15T20:28:18.158+0800","caller":"interceptors/accesslog.go:28","message":"[succ]","method":"/todo.UitTodo/Add","requestId":"","forward":"","req":"item:{id:\"1\"}","rsp":"","cost":0}
{"level":"info","time":"2024-10-15T20:28:18.463+0800","caller":"interceptors/accesslog.go:28","message":"[succ]","method":"/todo.UitTodo/Add","requestId":"","forward":"","req":"item:{id:\"1\"}","rsp":"","cost":0}
{"level":"info","time":"2024-10-15T20:28:18.767+0800","caller":"interceptors/accesslog.go:28","message":"[succ]","method":"/todo.UitTodo/Add","requestId":"","forward":"","req":"item:{id:\"1\"}","rsp":"","cost":0}
{"level":"info","time":"2024-10-15T20:28:19.071+0800","caller":"interceptors/accesslog.go:28","message":"[succ]","method":"/todo.UitTodo/Add","requestId":"","forward":"","req":"item:{id:\"1\"}","rsp":"","cost":0}
{"level":"info","time":"2024-10-15T20:28:19.376+0800","caller":"interceptors/accesslog.go:28","message":"[succ]","method":"/todo.UitTodo/Add","requestId":"","forward":"","req":"item:{id:\"1\"}","rsp":"","cost":0}
{"level":"info","time":"2024-10-15T20:28:19.680+0800","caller":"interceptors/accesslog.go:28","message":"[succ]","method":"/todo.UitTodo/Add","requestId":"","forward":"","req":"item:{id:\"1\"}","rsp":"","cost":0}
{"level":"info","time":"2024-10-15T20:28:19.985+0800","caller":"interceptors/accesslog.go:28","message":"[succ]","method":"/todo.UitTodo/Add","requestId":"","forward":"","req":"item:{id:\"1\"}","rsp":"","cost":0}
{"level":"info","time":"2024-10-15T20:28:20.289+0800","caller":"interceptors/accesslog.go:28","message":"[succ]","method":"/todo.UitTodo/Add","requestId":"","forward":"","req":"item:{id:\"1\"}","rsp":"","cost":0}
{"level":"info","time":"2024-10-15T20:28:20.593+0800","caller":"interceptors/accesslog.go:28","message":"[succ]","method":"/todo.UitTodo/Add","requestId":"","forward":"","req":"item:{id:\"1\"}","rsp":"","cost":0}
{"level":"info","time":"2024-10-15T20:28:20.897+0800","caller":"interceptors/accesslog.go:28","message":"[succ]","method":"/todo.UitTodo/Add","requestId":"","forward":"","req":"item:{id:\"1\"}","rsp":"","cost":0}
{"level":"info","time":"2024-10-15T20:28:21.202+0800","caller":"interceptors/accesslog.go:28","message":"[succ]","method":"/todo.UitTodo/Add","requestId":"","forward":"","req":"item:{id:\"1\"}","rsp":"","cost":0}
{"level":"info","time":"2024-10-15T20:28:21.506+0800","caller":"interceptors/accesslog.go:28","message":"[succ]","method":"/todo.UitTodo/Add","requestId":"","forward":"","req":"item:{id:\"1\"}","rsp":"","cost":0}
{"level":"info","time":"2024-10-15T20:28:21.811+0800","caller":"interceptors/accesslog.go:28","message":"[succ]","method":"/todo.UitTodo/Add","requestId":"","forward":"","req":"item:{id:\"1\"}","rsp":"","cost":0}
{"level":"info","time":"2024-10-15T20:28:22.115+0800","caller":"interceptors/accesslog.go:28","message":"[succ]","method":"/todo.UitTodo/Add","requestId":"","forward":"","req":"item:{id:\"1\"}","rsp":"","cost":0}
{"level":"info","time":"2024-10-15T20:28:22.420+0800","caller":"interceptors/accesslog.go:28","message":"[succ]","method":"/todo.UitTodo/Add","requestId":"","forward":"","req":"item:{id:\"1\"}","rsp":"","cost":0}
{"level":"info","time":"2024-10-15T20:28:22.724+0800","caller":"interceptors/accesslog.go:28","message":"[succ]","method":"/todo.UitTodo/Add","requestId":"","forward":"","req":"item:{id:\"1\"}","rsp":"","cost":0}
{"level":"info","time":"2024-10-15T20:28:23.028+0800","caller":"interceptors/accesslog.go:28","message":"[succ]","method":"/todo.UitTodo/Add","requestId":"","forward":"","req":"item:{id:\"1\"}","rsp":"","cost":0}
{"level":"info","time":"2024-10-15T20:28:23.333+0800","caller":"interceptors/accesslog.go:28","message":"[succ]","method":"/todo.UitTodo/Add","requestId":"","forward":"","req":"item:{id:\"1\"}","rsp":"","cost":0}
{"level":"info","time":"2024-10-15T20:28:23.637+0800","caller":"interceptors/accesslog.go:28","message":"[succ]","method":"/todo.UitTodo/Add","requestId":"","forward":"","req":"item:{id:\"1\"}","rsp":"","cost":0}
{"level":"info","time":"2024-10-15T20:28:23.942+0800","caller":"interceptors/accesslog.go:28","message":"[succ]","method":"/todo.UitTodo/Add","requestId":"","forward":"","req":"item:{id:\"1\"}","rsp":"","cost":0}
{"level":"info","time":"2024-10-15T20:28:24.246+0800","caller":"interceptors/accesslog.go:28","message":"[succ]","method":"/todo.UitTodo/Add","requestId":"","forward":"","req":"item:{id:\"1\"}","rsp":"","cost":0}
{"level":"info","time":"2024-10-15T20:28:24.550+0800","caller":"interceptors/accesslog.go:28","message":"[succ]","method":"/todo.UitTodo/Add","requestId":"","forward":"","req":"item:{id:\"1\"}","rsp":"","cost":0}
{"level":"info","time":"2024-10-15T20:28:24.855+0800","caller":"interceptors/accesslog.go:28","message":"[succ]","method":"/todo.UitTodo/Add","requestId":"","forward":"","req":"item:{id:\"1\"}","rsp":"","cost":0}
{"level":"info","time":"2024-10-15T20:28:25.159+0800","caller":"interceptors/accesslog.go:28","message":"[succ]","method":"/todo.UitTodo/Add","requestId":"","forward":"","req":"item:{id:\"1\"}","rsp":"","cost":0}
{"level":"info","time":"2024-10-15T20:28:25.464+0800","caller":"interceptors/accesslog.go:28","message":"[succ]","method":"/todo.UitTodo/Add","requestId":"","forward":"","req":"item:{id:\"1\"}","rsp":"","cost":0}
{"level":"info","time":"2024-10-15T20:28:25.768+0800","caller":"interceptors/accesslog.go:28","message":"[succ]","method":"/todo.UitTodo/Add","requestId":"","forward":"","req":"item:{id:\"1\"}","rsp":"","cost":0}
{"level":"info","time":"2024-10-15T20:28:26.072+0800","caller":"interceptors/accesslog.go:28","message":"[succ]","method":"/todo.UitTodo/Add","requestId":"","forward":"","req":"item:{id:\"1\"}","rsp":"","cost":0}
{"level":"info","time":"2024-10-15T20:28:26.377+0800","caller":"interceptors/accesslog.go:28","message":"[succ]","method":"/todo.UitTodo/Add","requestId":"","forward":"","req":"item:{id:\"1\"}","rsp":"","cost":0}
{"level":"info","time":"2024-10-15T20:28:26.682+0800","caller":"interceptors/accesslog.go:28","message":"[succ]","method":"/todo.UitTodo/Add","requestId":"","forward":"","req":"item:{id:\"1\"}","rsp":"","cost":0}
{"level":"info","time":"2024-10-15T20:28:26.986+0800","caller":"interceptors/accesslog.go:28","message":"[succ]","method":"/todo.UitTodo/Add","requestId":"","forward":"","req":"item:{id:\"1\"}","rsp":"","cost":0}
{"level":"info","time":"2024-10-15T20:28:27.290+0800","caller":"interceptors/accesslog.go:28","message":"[succ]","method":"/todo.UitTodo/Add","requestId":"","forward":"","req":"item:{id:\"1\"}","rsp":"","cost":0}
{"level":"info","time":"2024-10-15T20:28:27.594+0800","caller":"interceptors/accesslog.go:28","message":"[succ]","method":"/todo.UitTodo/Add","requestId":"","forward":"","req":"item:{id:\"1\"}","rsp":"","cost":0}
{"level":"info","time":"2024-10-15T20:28:27.899+0800","caller":"interceptors/accesslog.go:28","message":"[succ]","method":"/todo.UitTodo/Add","requestId":"","forward":"","req":"item:{id:\"1\"}","rsp":"","cost":0}
{"level":"info","time":"2024-10-15T20:28:28.203+0800","caller":"interceptors/accesslog.go:28","message":"[succ]","method":"/todo.UitTodo/Add","requestId":"","forward":"","req":"item:{id:\"1\"}","rsp":"","cost":0}
{"level":"info","time":"2024-10-15T20:28:28.508+0800","caller":"interceptors/accesslog.go:28","message":"[succ]","method":"/todo.UitTodo/Add","requestId":"","forward":"","req":"item:{id:\"1\"}","rsp":"","cost":0}
{"level":"info","time":"2024-10-15T20:28:28.812+0800","caller":"interceptors/accesslog.go:28","message":"[succ]","method":"/todo.UitTodo/Add","requestId":"","forward":"","req":"item:{id:\"1\"}","rsp":"","cost":0}
{"level":"info","time":"2024-10-15T20:28:29.116+0800","caller":"interceptors/accesslog.go:28","message":"[succ]","method":"/todo.UitTodo/Add","requestId":"","forward":"","req":"item:{id:\"1\"}","rsp":"","cost":0}
{"level":"info","time":"2024-10-15T20:28:29.421+0800","caller":"interceptors/accesslog.go:28","message":"[succ]","method":"/todo.UitTodo/Add","requestId":"","forward":"","req":"item:{id:\"1\"}","rsp":"","cost":0}
{"level":"info","time":"2024-10-15T20:28:29.725+0800","caller":"interceptors/accesslog.go:28","message":"[succ]","method":"/todo.UitTodo/Add","requestId":"","forward":"","req":"item:{id:\"1\"}","rsp":"","cost":0}
{"level":"info","time":"2024-10-15T20:28:30.029+0800","caller":"interceptors/accesslog.go:28","message":"[succ]","method":"/todo.UitTodo/Add","requestId":"","forward":"","req":"item:{id:\"1\"}","rsp":"","cost":0}
{"level":"info","time":"2024-10-15T20:28:30.334+0800","caller":"interceptors/accesslog.go:28","message":"[succ]","method":"/todo.UitTodo/Add","requestId":"","forward":"","req":"item:{id:\"1\"}","rsp":"","cost":0}
{"level":"info","time":"2024-10-15T20:28:30.637+0800","caller":"interceptors/accesslog.go:28","message":"[succ]","method":"/todo.UitTodo/Add","requestId":"","forward":"","req":"item:{id:\"1\"}","rsp":"","cost":0}
{"level":"info","time":"2024-10-15T20:28:30.942+0800","caller":"interceptors/accesslog.go:28","message":"[succ]","method":"/todo.UitTodo/Add","requestId":"","forward":"","req":"item:{id:\"1\"}","rsp":"","cost":0}
{"level":"info","time":"2024-10-15T20:28:31.246+0800","caller":"interceptors/accesslog.go:28","message":"[succ]","method":"/todo.UitTodo/Add","requestId":"","forward":"","req":"item:{id:\"1\"}","rsp":"","cost":0}
{"level":"info","time":"2024-10-15T20:28:31.551+0800","caller":"interceptors/accesslog.go:28","message":"[succ]","method":"/todo.UitTodo/Add","requestId":"","forward":"","req":"item:{id:\"1\"}","rsp":"","cost":0}
{"level":"info","time":"2024-10-15T20:28:31.855+0800","caller":"interceptors/accesslog.go:28","message":"[succ]","method":"/todo.UitTodo/Add","requestId":"","forward":"","req":"item:{id:\"1\"}","rsp":"","cost":0}
{"level":"info","time":"2024-10-15T20:28:32.159+0800","caller":"interceptors/accesslog.go:28","message":"[succ]","method":"/todo.UitTodo/Add","requestId":"","forward":"","req":"item:{id:\"1\"}","rsp":"","cost":0}
{"level":"info","time":"2024-10-15T20:28:32.464+0800","caller":"interceptors/accesslog.go:28","message":"[succ]","method":"/todo.UitTodo/Add","requestId":"","forward":"","req":"item:{id:\"1\"}","rsp":"","cost":0}
{"level":"info","time":"2024-10-15T20:28:32.770+0800","caller":"interceptors/accesslog.go:28","message":"[succ]","method":"/todo.UitTodo/Add","requestId":"","forward":"","req":"item:{id:\"1\"}","rsp":"","cost":0}
{"level":"info","time":"2024-10-15T20:28:33.074+0800","caller":"interceptors/accesslog.go:28","message":"[succ]","method":"/todo.UitTodo/Add","requestId":"","forward":"","req":"item:{id:\"1\"}","rsp":"","cost":0}
{"level":"info","time":"2024-10-15T20:28:33.379+0800","caller":"interceptors/accesslog.go:28","message":"[succ]","method":"/todo.UitTodo/Add","requestId":"","forward":"","req":"item:{id:\"1\"}","rsp":"","cost":0}
{"level":"info","time":"2024-10-15T20:28:33.683+0800","caller":"interceptors/accesslog.go:28","message":"[succ]","method":"/todo.UitTodo/Add","requestId":"","forward":"","req":"item:{id:\"1\"}","rsp":"","cost":0}
{"level":"info","time":"2024-10-15T20:28:33.988+0800","caller":"interceptors/accesslog.go:28","message":"[succ]","method":"/todo.UitTodo/Add","requestId":"","forward":"","req":"item:{id:\"1\"}","rsp":"","cost":0}
{"level":"error","time":"2024-10-15T20:28:34.292+0800","caller":"interceptors/accesslog.go:30","message":"[fail]","method":"/todo.UitTodo/Add","requestId":"","forward":"","req":"item:{id:\"1\"}","rsp":"","err":"mock error","cost":0}
{"level":"error","time":"2024-10-15T20:28:34.597+0800","caller":"interceptors/accesslog.go:30","message":"[fail]","method":"/todo.UitTodo/Add","requestId":"","forward":"","req":"item:{id:\"1\"}","rsp":"","err":"mock error","cost":0}
{"level":"error","time":"2024-10-15T20:28:34.901+0800","caller":"interceptors/accesslog.go:30","message":"[fail]","method":"/todo.UitTodo/Add","requestId":"","forward":"","req":"item:{id:\"1\"}","rsp":"","err":"mock error","cost":0}
{"level":"error","time":"2024-10-15T20:28:36.117+0800","caller":"interceptors/accesslog.go:30","message":"[fail]","method":"/todo.UitTodo/Add","requestId":"","forward":"","req":"item:{id:\"1\"}","rsp":"","err":"mock error","cost":0}
{"level":"error","time":"2024-10-15T20:28:37.332+0800","caller":"interceptors/accesslog.go:30","message":"[fail]","method":"/todo.UitTodo/Add","requestId":"","forward":"","req":"item:{id:\"1\"}","rsp":"","err":"mock error","cost":0}
{"level":"error","time":"2024-10-15T20:28:38.546+0800","caller":"interceptors/accesslog.go:30","message":"[fail]","method":"/todo.UitTodo/Add","requestId":"","forward":"","req":"item:{id:\"1\"}","rsp":"","err":"mock error","cost":0}
{"level":"error","time":"2024-10-15T20:28:39.761+0800","caller":"interceptors/accesslog.go:30","message":"[fail]","method":"/todo.UitTodo/Add","requestId":"","forward":"","req":"item:{id:\"1\"}","rsp":"","err":"mock error","cost":0}
{"level":"error","time":"2024-10-15T20:28:40.977+0800","caller":"interceptors/accesslog.go:30","message":"[fail]","method":"/todo.UitTodo/Add","requestId":"","forward":"","req":"item:{id:\"1\"}","rsp":"","err":"mock error","cost":0}
{"level":"error","time":"2024-10-15T20:28:42.193+0800","caller":"interceptors/accesslog.go:30","message":"[fail]","method":"/todo.UitTodo/Add","requestId":"","forward":"","req":"item:{id:\"1\"}","rsp":"","err":"mock error","cost":0}
{"level":"error","time":"2024-10-15T20:28:43.408+0800","caller":"interceptors/accesslog.go:30","message":"[fail]","method":"/todo.UitTodo/Add","requestId":"","forward":"","req":"item:{id:\"1\"}","rsp":"","err":"mock error","cost":0}
{"level":"error","time":"2024-10-15T20:28:44.624+0800","caller":"interceptors/accesslog.go:30","message":"[fail]","method":"/todo.UitTodo/Add","requestId":"","forward":"","req":"item:{id:\"1\"}","rsp":"","err":"mock error","cost":0}
{"level":"error","time":"2024-10-15T20:28:45.838+0800","caller":"interceptors/accesslog.go:30","message":"[fail]","method":"/todo.UitTodo/Add","requestId":"","forward":"","req":"item:{id:\"1\"}","rsp":"","err":"mock error","cost":0}
{"level":"error","time":"2024-10-15T20:28:47.053+0800","caller":"interceptors/accesslog.go:30","message":"[fail]","method":"/todo.UitTodo/Add","requestId":"","forward":"","req":"item:{id:\"1\"}","rsp":"","err":"mock error","cost":0}
{"level":"error","time":"2024-10-15T20:28:48.269+0800","caller":"interceptors/accesslog.go:30","message":"[fail]","method":"/todo.UitTodo/Add","requestId":"","forward":"","req":"item:{id:\"1\"}","rsp":"","err":"mock error","cost":0}
{"level":"error","time":"2024-10-15T20:28:49.484+0800","caller":"interceptors/accesslog.go:30","message":"[fail]","method":"/todo.UitTodo/Add","requestId":"","forward":"","req":"item:{id:\"1\"}","rsp":"","err":"mock error","cost":0}
{"level":"error","time":"2024-10-15T20:28:50.700+0800","caller":"interceptors/accesslog.go:30","message":"[fail]","method":"/todo.UitTodo/Add","requestId":"","forward":"","req":"item:{id:\"1\"}","rsp":"","err":"mock error","cost":0}
{"level":"error","time":"2024-10-15T20:28:51.915+0800","caller":"interceptors/accesslog.go:30","message":"[fail]","method":"/todo.UitTodo/Add","requestId":"","forward":"","req":"item:{id:\"1\"}","rsp":"","err":"mock error","cost":0}
{"level":"info","time":"2024-10-15T20:28:53.131+0800","caller":"interceptors/accesslog.go:28","message":"[succ]","method":"/todo.UitTodo/Add","requestId":"","forward":"","req":"item:{id:\"1\"}","rsp":"","cost":0}
{"level":"info","time":"2024-10-15T20:28:53.435+0800","caller":"interceptors/accesslog.go:28","message":"[succ]","method":"/todo.UitTodo/Add","requestId":"","forward":"","req":"item:{id:\"1\"}","rsp":"","cost":0}
{"level":"info","time":"2024-10-15T20:28:53.738+0800","caller":"interceptors/accesslog.go:28","message":"[succ]","method":"/todo.UitTodo/Add","requestId":"","forward":"","req":"item:{id:\"1\"}","rsp":"","cost":0}
{"level":"info","time":"2024-10-15T20:28:54.042+0800","caller":"interceptors/accesslog.go:28","message":"[succ]","method":"/todo.UitTodo/Add","requestId":"","forward":"","req":"item:{id:\"1\"}","rsp":"","cost":0}
{"level":"info","time":"2024-10-15T20:28:54.346+0800","caller":"interceptors/accesslog.go:28","message":"[succ]","method":"/todo.UitTodo/Add","requestId":"","forward":"","req":"item:{id:\"1\"}","rsp":"","cost":0}
{"level":"info","time":"2024-10-15T20:28:54.651+0800","caller":"interceptors/accesslog.go:28","message":"[succ]","method":"/todo.UitTodo/Add","requestId":"","forward":"","req":"item:{id:\"1\"}","rsp":"","cost":0}
{"level":"info","time":"2024-10-15T20:28:54.955+0800","caller":"interceptors/accesslog.go:28","message":"[succ]","method":"/todo.UitTodo/Add","requestId":"","forward":"","req":"item:{id:\"1\"}","rsp":"","cost":0}
{"level":"info","time":"2024-10-15T20:28:55.259+0800","caller":"interceptors/accesslog.go:28","message":"[succ]","method":"/todo.UitTodo/Add","requestId":"","forward":"","req":"item:{id:\"1\"}","rsp":"","cost":0}
{"level":"info","time":"2024-10-15T20:28:55.564+0800","caller":"interceptors/accesslog.go:28","message":"[succ]","method":"/todo.UitTodo/Add","requestId":"","forward":"","req":"item:{id:\"1\"}","rsp":"","cost":0}
{"level":"info","time":"2024-10-15T20:28:55.868+0800","caller":"interceptors/accesslog.go:28","message":"[succ]","method":"/todo.UitTodo/Add","requestId":"","forward":"","req":"item:{id:\"1\"}","rsp":"","cost":0}
{"level":"info","time":"2024-10-15T20:28:56.173+0800","caller":"interceptors/accesslog.go:28","message":"[succ]","method":"/todo.UitTodo/Add","requestId":"","forward":"","req":"item:{id:\"1\"}","rsp":"","cost":0}
{"level":"info","time":"2024-10-15T20:28:56.477+0800","caller":"interceptors/accesslog.go:28","message":"[succ]","method":"/todo.UitTodo/Add","requestId":"","forward":"","req":"item:{id:\"1\"}","rsp":"","cost":0}
{"level":"info","time":"2024-10-15T20:28:56.782+0800","caller":"interceptors/accesslog.go:28","message":"[succ]","method":"/todo.UitTodo/Add","requestId":"","forward":"","req":"item:{id:\"1\"}","rsp":"","cost":0}
{"level":"info","time":"2024-10-15T20:28:57.086+0800","caller":"interceptors/accesslog.go:28","message":"[succ]","method":"/todo.UitTodo/Add","requestId":"","forward":"","req":"item:{id:\"1\"}","rsp":"","cost":0}
{"level":"info","time":"2024-10-15T20:28:57.391+0800","caller":"interceptors/accesslog.go:28","message":"[succ]","method":"/todo.UitTodo/Add","requestId":"","forward":"","req":"item:{id:\"1\"}","rsp":"","cost":0}
{"level":"info","time":"2024-10-15T20:28:57.695+0800","caller":"interceptors/accesslog.go:28","message":"[succ]","method":"/todo.UitTodo/Add","requestId":"","forward":"","req":"item:{id:\"1\"}","rsp":"","cost":0}
{"level":"info","time":"2024-10-15T20:28:57.999+0800","caller":"interceptors/accesslog.go:28","message":"[succ]","method":"/todo.UitTodo/Add","requestId":"","forward":"","req":"item:{id:\"1\"}","rsp":"","cost":0}
{"level":"info","time":"2024-10-15T20:28:58.304+0800","caller":"interceptors/accesslog.go:28","message":"[succ]","method":"/todo.UitTodo/Add","requestId":"","forward":"","req":"item:{id:\"1\"}","rsp":"","cost":0}
{"level":"info","time":"2024-10-15T20:28:58.608+0800","caller":"interceptors/accesslog.go:28","message":"[succ]","method":"/todo.UitTodo/Add","requestId":"","forward":"","req":"item:{id:\"1\"}","rsp":"","cost":0}
{"level":"info","time":"2024-10-15T20:28:58.913+0800","caller":"interceptors/accesslog.go:28","message":"[succ]","method":"/todo.UitTodo/Add","requestId":"","forward":"","req":"item:{id:\"1\"}","rsp":"","cost":0}
{"level":"info","time":"2024-10-15T20:28:59.218+0800","caller":"interceptors/accesslog.go:28","message":"[succ]","method":"/todo.UitTodo/Add","requestId":"","forward":"","req":"item:{id:\"1\"}","rsp":"","cost":0}
{"level":"info","time":"2024-10-15T20:28:59.523+0800","caller":"interceptors/accesslog.go:28","message":"[succ]","method":"/todo.UitTodo/Add","requestId":"","forward":"","req":"item:{id:\"1\"}","rsp":"","cost":0}
{"level":"info","time":"2024-10-15T20:28:59.827+0800","caller":"interceptors/accesslog.go:28","message":"[succ]","method":"/todo.UitTodo/Add","requestId":"","forward":"","req":"item:{id:\"1\"}","rsp":"","cost":0}
{"level":"info","time":"2024-10-15T20:29:00.132+0800","caller":"interceptors/accesslog.go:28","message":"[succ]","method":"/todo.UitTodo/Add","requestId":"","forward":"","req":"item:{id:\"1\"}","rsp":"","cost":0}
{"level":"info","time":"2024-10-15T20:29:00.436+0800","caller":"interceptors/accesslog.go:28","message":"[succ]","method":"/todo.UitTodo/Add","requestId":"","forward":"","req":"item:{id:\"1\"}","rsp":"","cost":0}
{"level":"info","time":"2024-10-15T20:29:00.737+0800","caller":"interceptors/accesslog.go:28","message":"[succ]","method":"/todo.UitTodo/Add","requestId":"","forward":"","req":"item:{id:\"1\"}","rsp":"","cost":0}
{"level":"info","time":"2024-10-15T20:29:01.042+0800","caller":"interceptors/accesslog.go:28","message":"[succ]","method":"/todo.UitTodo/Add","requestId":"","forward":"","req":"item:{id:\"1\"}","rsp":"","cost":0}
{"level":"info","time":"2024-10-15T20:29:01.346+0800","caller":"interceptors/accesslog.go:28","message":"[succ]","method":"/todo.UitTodo/Add","requestId":"","forward":"","req":"item:{id:\"1\"}","rsp":"","cost":0}
{"level":"info","time":"2024-10-15T20:29:01.651+0800","caller":"interceptors/accesslog.go:28","message":"[succ]","method":"/todo.UitTodo/Add","requestId":"","forward":"","req":"item:{id:\"1\"}","rsp":"","cost":0}
{"level":"info","time":"2024-10-15T20:29:01.955+0800","caller":"interceptors/accesslog.go:28","message":"[succ]","method":"/todo.UitTodo/Add","requestId":"","forward":"","req":"item:{id:\"1\"}","rsp":"","cost":0}
{"level":"info","time":"2024-10-15T20:29:02.260+0800","caller":"interceptors/accesslog.go:28","message":"[succ]","method":"/todo.UitTodo/Add","requestId":"","forward":"","req":"item:{id:\"1\"}","rsp":"","cost":0}
{"level":"info","time":"2024-10-15T20:29:02.564+0800","caller":"interceptors/accesslog.go:28","message":"[succ]","method":"/todo.UitTodo/Add","requestId":"","forward":"","req":"item:{id:\"1\"}","rsp":"","cost":0}
{"level":"info","time":"2024-10-15T20:29:02.869+0800","caller":"interceptors/accesslog.go:28","message":"[succ]","method":"/todo.UitTodo/Add","requestId":"","forward":"","req":"item:{id:\"1\"}","rsp":"","cost":0}
{"level":"info","time":"2024-10-15T20:29:03.173+0800","caller":"interceptors/accesslog.go:28","message":"[succ]","method":"/todo.UitTodo/Add","requestId":"","forward":"","req":"item:{id:\"1\"}","rsp":"","cost":0}
{"level":"info","time":"2024-10-15T20:29:03.477+0800","caller":"interceptors/accesslog.go:28","message":"[succ]","method":"/todo.UitTodo/Add","requestId":"","forward":"","req":"item:{id:\"1\"}","rsp":"","cost":0}
{"level":"info","time":"2024-10-15T20:29:03.782+0800","caller":"interceptors/accesslog.go:28","message":"[succ]","method":"/todo.UitTodo/Add","requestId":"","forward":"","req":"item:{id:\"1\"}","rsp":"","cost":0}
{"level":"info","time":"2024-10-15T20:29:04.086+0800","caller":"interceptors/accesslog.go:28","message":"[succ]","method":"/todo.UitTodo/Add","requestId":"","forward":"","req":"item:{id:\"1\"}","rsp":"","cost":0}
{"level":"info","time":"2024-10-15T20:29:04.391+0800","caller":"interceptors/accesslog.go:28","message":"[succ]","method":"/todo.UitTodo/Add","requestId":"","forward":"","req":"item:{id:\"1\"}","rsp":"","cost":0}
{"level":"info","time":"2024-10-15T20:29:04.695+0800","caller":"interceptors/accesslog.go:28","message":"[succ]","method":"/todo.UitTodo/Add","requestId":"","forward":"","req":"item:{id:\"1\"}","rsp":"","cost":0}
{"level":"info","time":"2024-10-15T20:29:04.999+0800","caller":"interceptors/accesslog.go:28","message":"[succ]","method":"/todo.UitTodo/Add","requestId":"","forward":"","req":"item:{id:\"1\"}","rsp":"","cost":0}
{"level":"info","time":"2024-10-15T20:29:05.304+0800","caller":"interceptors/accesslog.go:28","message":"[succ]","method":"/todo.UitTodo/Add","requestId":"","forward":"","req":"item:{id:\"1\"}","rsp":"","cost":0}
{"level":"info","time":"2024-10-15T20:29:05.608+0800","caller":"interceptors/accesslog.go:28","message":"[succ]","method":"/todo.UitTodo/Add","requestId":"","forward":"","req":"item:{id:\"1\"}","rsp":"","cost":0}
{"level":"info","time":"2024-10-15T20:29:05.913+0800","caller":"interceptors/accesslog.go:28","message":"[succ]","method":"/todo.UitTodo/Add","requestId":"","forward":"","req":"item:{id:\"1\"}","rsp":"","cost":0}
{"level":"info","time":"2024-10-15T20:29:06.217+0800","caller":"interceptors/accesslog.go:28","message":"[succ]","method":"/todo.UitTodo/Add","requestId":"","forward":"","req":"item:{id:\"1\"}","rsp":"","cost":0}
{"level":"info","time":"2024-10-15T20:29:06.522+0800","caller":"interceptors/accesslog.go:28","message":"[succ]","method":"/todo.UitTodo/Add","requestId":"","forward":"","req":"item:{id:\"1\"}","rsp":"","cost":0}
{"level":"info","time":"2024-10-15T20:29:06.826+0800","caller":"interceptors/accesslog.go:28","message":"[succ]","method":"/todo.UitTodo/Add","requestId":"","forward":"","req":"item:{id:\"1\"}","rsp":"","cost":0}
{"level":"info","time":"2024-10-15T20:29:07.130+0800","caller":"interceptors/accesslog.go:28","message":"[succ]","method":"/todo.UitTodo/Add","requestId":"","forward":"","req":"item:{id:\"1\"}","rsp":"","cost":0}
{"level":"info","time":"2024-10-15T20:29:07.435+0800","caller":"interceptors/accesslog.go:28","message":"[succ]","method":"/todo.UitTodo/Add","requestId":"","forward":"","req":"item:{id:\"1\"}","rsp":"","cost":0}
{"level":"info","time":"2024-10-15T20:29:07.738+0800","caller":"interceptors/accesslog.go:28","message":"[succ]","method":"/todo.UitTodo/Add","requestId":"","forward":"","req":"item:{id:\"1\"}","rsp":"","cost":0}
{"level":"info","time":"2024-10-15T20:29:08.042+0800","caller":"interceptors/accesslog.go:28","message":"[succ]","method":"/todo.UitTodo/Add","requestId":"","forward":"","req":"item:{id:\"1\"}","rsp":"","cost":0}
{"level":"info","time":"2024-10-15T20:29:08.346+0800","caller":"interceptors/accesslog.go:28","message":"[succ]","method":"/todo.UitTodo/Add","requestId":"","forward":"","req":"item:{id:\"1\"}","rsp":"","cost":0}
{"level":"info","time":"2024-10-15T20:29:08.650+0800","caller":"interceptors/accesslog.go:28","message":"[succ]","method":"/todo.UitTodo/Add","requestId":"","forward":"","req":"item:{id:\"1\"}","rsp":"","cost":0}
{"level":"info","time":"2024-10-15T20:29:08.955+0800","caller":"interceptors/accesslog.go:28","message":"[succ]","method":"/todo.UitTodo/Add","requestId":"","forward":"","req":"item:{id:\"1\"}","rsp":"","cost":0}
{"level":"info","time":"2024-10-15T20:29:09.260+0800","caller":"interceptors/accesslog.go:28","message":"[succ]","method":"/todo.UitTodo/Add","requestId":"","forward":"","req":"item:{id:\"1\"}","rsp":"","cost":0}
{"level":"info","time":"2024-10-15T20:29:09.564+0800","caller":"interceptors/accesslog.go:28","message":"[succ]","method":"/todo.UitTodo/Add","requestId":"","forward":"","req":"item:{id:\"1\"}","rsp":"","cost":0}
{"level":"info","time":"2024-10-15T20:29:09.868+0800","caller":"interceptors/accesslog.go:28","message":"[succ]","method":"/todo.UitTodo/Add","requestId":"","forward":"","req":"item:{id:\"1\"}","rsp":"","cost":0}
{"level":"info","time":"2024-10-15T20:29:10.173+0800","caller":"interceptors/accesslog.go:28","message":"[succ]","method":"/todo.UitTodo/Add","requestId":"","forward":"","req":"item:{id:\"1\"}","rsp":"","cost":0}
{"level":"info","time":"2024-10-15T20:29:10.477+0800","caller":"interceptors/accesslog.go:28","message":"[succ]","method":"/todo.UitTodo/Add","requestId":"","forward":"","req":"item:{id:\"1\"}","rsp":"","cost":0}
{"level":"info","time":"2024-10-15T20:29:10.781+0800","caller":"interceptors/accesslog.go:28","message":"[succ]","method":"/todo.UitTodo/Add","requestId":"","forward":"","req":"item:{id:\"1\"}","rsp":"","cost":0}
{"level":"info","time":"2024-10-15T20:29:11.086+0800","caller":"interceptors/accesslog.go:28","message":"[succ]","method":"/todo.UitTodo/Add","requestId":"","forward":"","req":"item:{id:\"1\"}","rsp":"","cost":0}
{"level":"info","time":"2024-10-15T20:29:11.390+0800","caller":"interceptors/accesslog.go:28","message":"[succ]","method":"/todo.UitTodo/Add","requestId":"","forward":"","req":"item:{id:\"1\"}","rsp":"","cost":0}
{"level":"info","time":"2024-10-15T20:29:11.695+0800","caller":"interceptors/accesslog.go:28","message":"[succ]","method":"/todo.UitTodo/Add","requestId":"","forward":"","req":"item:{id:\"1\"}","rsp":"","cost":0}
{"level":"info","time":"2024-10-15T20:29:11.999+0800","caller":"interceptors/accesslog.go:28","message":"[succ]","method":"/todo.UitTodo/Add","requestId":"","forward":"","req":"item:{id:\"1\"}","rsp":"","cost":0}
{"level":"info","time":"2024-10-15T20:29:12.303+0800","caller":"interceptors/accesslog.go:28","message":"[succ]","method":"/todo.UitTodo/Add","requestId":"","forward":"","req":"item:{id:\"1\"}","rsp":"","cost":0}
{"level":"info","time":"2024-10-15T20:29:12.608+0800","caller":"interceptors/accesslog.go:28","message":"[succ]","method":"/todo.UitTodo/Add","requestId":"","forward":"","req":"item:{id:\"1\"}","rsp":"","cost":0}
{"level":"info","time":"2024-10-15T20:29:12.912+0800","caller":"interceptors/accesslog.go:28","message":"[succ]","method":"/todo.UitTodo/Add","requestId":"","forward":"","req":"item:{id:\"1\"}","rsp":"","cost":0}
{"level":"info","time":"2024-10-15T20:29:13.217+0800","caller":"interceptors/accesslog.go:28","message":"[succ]","method":"/todo.UitTodo/Add","requestId":"","forward":"","req":"item:{id:\"1\"}","rsp":"","cost":0}
{"level":"info","time":"2024-10-15T20:29:13.522+0800","caller":"interceptors/accesslog.go:28","message":"[succ]","method":"/todo.UitTodo/Add","requestId":"","forward":"","req":"item:{id:\"1\"}","rsp":"","cost":0}
{"level":"info","time":"2024-10-15T20:29:13.826+0800","caller":"interceptors/accesslog.go:28","message":"[succ]","method":"/todo.UitTodo/Add","requestId":"","forward":"","req":"item:{id:\"1\"}","rsp":"","cost":0}
{"level":"info","time":"2024-10-15T20:29:14.130+0800","caller":"interceptors/accesslog.go:28","message":"[succ]","method":"/todo.UitTodo/Add","requestId":"","forward":"","req":"item:{id:\"1\"}","rsp":"","cost":0}
{"level":"info","time":"2024-10-15T20:29:14.435+0800","caller":"interceptors/accesslog.go:28","message":"[succ]","method":"/todo.UitTodo/Add","requestId":"","forward":"","req":"item:{id:\"1\"}","rsp":"","cost":0}
{"level":"info","time":"2024-10-15T20:29:14.738+0800","caller":"interceptors/accesslog.go:28","message":"[succ]","method":"/todo.UitTodo/Add","requestId":"","forward":"","req":"item:{id:\"1\"}","rsp":"","cost":0}
{"level":"info","time":"2024-10-15T20:29:15.042+0800","caller":"interceptors/accesslog.go:28","message":"[succ]","method":"/todo.UitTodo/Add","requestId":"","forward":"","req":"item:{id:\"1\"}","rsp":"","cost":0}
{"level":"info","time":"2024-10-15T20:29:15.347+0800","caller":"interceptors/accesslog.go:28","message":"[succ]","method":"/todo.UitTodo/Add","requestId":"","forward":"","req":"item:{id:\"1\"}","rsp":"","cost":0}
{"level":"info","time":"2024-10-15T20:29:15.651+0800","caller":"interceptors/accesslog.go:28","message":"[succ]","method":"/todo.UitTodo/Add","requestId":"","forward":"","req":"item:{id:\"1\"}","rsp":"","cost":0}
{"level":"info","time":"2024-10-15T20:29:15.955+0800","caller":"interceptors/accesslog.go:28","message":"[succ]","method":"/todo.UitTodo/Add","requestId":"","forward":"","req":"item:{id:\"1\"}","rsp":"","cost":0}
{"level":"info","time":"2024-10-15T20:29:16.260+0800","caller":"interceptors/accesslog.go:28","message":"[succ]","method":"/todo.UitTodo/Add","requestId":"","forward":"","req":"item:{id:\"1\"}","rsp":"","cost":0}
{"level":"info","time":"2024-10-15T20:29:16.564+0800","caller":"interceptors/accesslog.go:28","message":"[succ]","method":"/todo.UitTodo/Add","requestId":"","forward":"","req":"item:{id:\"1\"}","rsp":"","cost":0}
{"level":"info","time":"2024-10-15T20:29:16.869+0800","caller":"interceptors/accesslog.go:28","message":"[succ]","method":"/todo.UitTodo/Add","requestId":"","forward":"","req":"item:{id:\"1\"}","rsp":"","cost":0}
{"level":"info","time":"2024-10-15T20:29:17.174+0800","caller":"interceptors/accesslog.go:28","message":"[succ]","method":"/todo.UitTodo/Add","requestId":"","forward":"","req":"item:{id:\"1\"}","rsp":"","cost":0}
{"level":"info","time":"2024-10-15T20:29:17.478+0800","caller":"interceptors/accesslog.go:28","message":"[succ]","method":"/todo.UitTodo/Add","requestId":"","forward":"","req":"item:{id:\"1\"}","rsp":"","cost":0}
{"level":"info","time":"2024-10-15T20:29:17.783+0800","caller":"interceptors/accesslog.go:28","message":"[succ]","method":"/todo.UitTodo/Add","requestId":"","forward":"","req":"item:{id:\"1\"}","rsp":"","cost":0}
{"level":"info","time":"2024-10-15T20:29:18.087+0800","caller":"interceptors/accesslog.go:28","message":"[succ]","method":"/todo.UitTodo/Add","requestId":"","forward":"","req":"item:{id:\"1\"}","rsp":"","cost":0}
{"level":"info","time":"2024-10-15T20:29:18.392+0800","caller":"interceptors/accesslog.go:28","message":"[succ]","method":"/todo.UitTodo/Add","requestId":"","forward":"","req":"item:{id:\"1\"}","rsp":"","cost":0}
{"level":"info","time":"2024-10-15T20:29:18.696+0800","caller":"interceptors/accesslog.go:28","message":"[succ]","method":"/todo.UitTodo/Add","requestId":"","forward":"","req":"item:{id:\"1\"}","rsp":"","cost":0}
{"level":"info","time":"2024-10-15T20:29:19.001+0800","caller":"interceptors/accesslog.go:28","message":"[succ]","method":"/todo.UitTodo/Add","requestId":"","forward":"","req":"item:{id:\"1\"}","rsp":"","cost":0}
{"level":"info","time":"2024-10-15T20:29:19.305+0800","caller":"interceptors/accesslog.go:28","message":"[succ]","method":"/todo.UitTodo/Add","requestId":"","forward":"","req":"item:{id:\"1\"}","rsp":"","cost":0}
{"level":"info","time":"2024-10-15T20:29:19.611+0800","caller":"interceptors/accesslog.go:28","message":"[succ]","method":"/todo.UitTodo/Add","requestId":"","forward":"","req":"item:{id:\"1\"}","rsp":"","cost":0}
{"level":"info","time":"2024-10-15T20:29:19.915+0800","caller":"interceptors/accesslog.go:28","message":"[succ]","method":"/todo.UitTodo/Add","requestId":"","forward":"","req":"item:{id:\"1\"}","rsp":"","cost":0}
{"level":"info","time":"2024-10-15T20:29:20.220+0800","caller":"interceptors/accesslog.go:28","message":"[succ]","method":"/todo.UitTodo/Add","requestId":"","forward":"","req":"item:{id:\"1\"}","rsp":"","cost":0}
{"level":"info","time":"2024-10-15T20:29:20.524+0800","caller":"interceptors/accesslog.go:28","message":"[succ]","method":"/todo.UitTodo/Add","requestId":"","forward":"","req":"item:{id:\"1\"}","rsp":"","cost":0}
{"level":"info","time":"2024-10-15T20:29:20.829+0800","caller":"interceptors/accesslog.go:28","message":"[succ]","method":"/todo.UitTodo/Add","requestId":"","forward":"","req":"item:{id:\"1\"}","rsp":"","cost":0}
{"level":"info","time":"2024-10-15T20:29:21.133+0800","caller":"interceptors/accesslog.go:28","message":"[succ]","method":"/todo.UitTodo/Add","requestId":"","forward":"","req":"item:{id:\"1\"}","rsp":"","cost":0}
{"level":"info","time":"2024-10-15T20:29:21.438+0800","caller":"interceptors/accesslog.go:28","message":"[succ]","method":"/todo.UitTodo/Add","requestId":"","forward":"","req":"item:{id:\"1\"}","rsp":"","cost":0}
{"level":"info","time":"2024-10-15T20:29:21.742+0800","caller":"interceptors/accesslog.go:28","message":"[succ]","method":"/todo.UitTodo/Add","requestId":"","forward":"","req":"item:{id:\"1\"}","rsp":"","cost":0}
{"level":"info","time":"2024-10-15T20:29:22.046+0800","caller":"interceptors/accesslog.go:28","message":"[succ]","method":"/todo.UitTodo/Add","requestId":"","forward":"","req":"item:{id:\"1\"}","rsp":"","cost":0}
{"level":"info","time":"2024-10-15T20:29:22.351+0800","caller":"interceptors/accesslog.go:28","message":"[succ]","method":"/todo.UitTodo/Add","requestId":"","forward":"","req":"item:{id:\"1\"}","rsp":"","cost":0}
